update-alternatives 2018-12-25 19:58:27: run with --quiet --install /usr/bin/awk awk /usr/bin/mawk 5 --slave /usr/share/man/man1/awk.1.gz awk.1.gz /usr/share/man/man1/mawk.1.gz --slave /usr/bin/nawk nawk /usr/bin/mawk --slave /usr/share/man/man1/nawk.1.gz nawk.1.gz /usr/share/man/man1/mawk.1.gz
update-alternatives 2018-12-25 19:58:27: link group awk updated to point to /usr/bin/mawk
update-alternatives 2018-12-25 19:59:18: run with --quiet --install /usr/bin/awk awk /usr/bin/mawk 5 --slave /usr/share/man/man1/awk.1.gz awk.1.gz /usr/share/man/man1/mawk.1.gz --slave /usr/bin/nawk nawk /usr/bin/mawk --slave /usr/share/man/man1/nawk.1.gz nawk.1.gz /usr/share/man/man1/mawk.1.gz
update-alternatives 2018-12-25 19:59:19: run with --install /usr/sbin/rmt rmt /usr/sbin/rmt-tar 50 --slave /usr/share/man/man8/rmt.8.gz rmt.8.gz /usr/share/man/man8/rmt-tar.8.gz
update-alternatives 2018-12-25 19:59:19: link group rmt updated to point to /usr/sbin/rmt-tar
update-alternatives 2018-12-25 19:59:21: run with --install /usr/share/man/man7/builtins.7.gz builtins.7.gz /usr/share/man/man7/bash-builtins.7.gz 10
update-alternatives 2018-12-25 19:59:21: link group builtins.7.gz updated to point to /usr/share/man/man7/bash-builtins.7.gz
update-alternatives 2018-12-25 19:59:23: run with --install /usr/bin/pager pager /bin/more 50 --slave /usr/share/man/man1/pager.1.gz pager.1.gz /usr/share/man/man1/more.1.gz
update-alternatives 2018-12-25 19:59:23: link group pager updated to point to /bin/more
update-alternatives 2018-12-25 19:59:23: run with --install /usr/bin/pager pager /usr/bin/pg 10 --slave /usr/share/man/man1/pager.1.gz pager.1.gz /usr/share/man/man1/pg.1.gz
update-alternatives 2018-12-25 20:26:46: run with --install /etc/mysql/my.cnf my.cnf /etc/mysql/my.cnf.fallback 100
update-alternatives 2018-12-25 20:26:46: link group my.cnf updated to point to /etc/mysql/my.cnf.fallback
update-alternatives 2018-12-25 20:26:48: run with --install /usr/bin/lzma lzma /usr/bin/xz 20 --slave /usr/share/man/man1/lzma.1.gz lzma.1.gz /usr/share/man/man1/xz.1.gz --slave /usr/bin/unlzma unlzma /usr/bin/unxz --slave /usr/share/man/man1/unlzma.1.gz unlzma.1.gz /usr/share/man/man1/unxz.1.gz --slave /usr/bin/lzcat lzcat /usr/bin/xzcat --slave /usr/share/man/man1/lzcat.1.gz lzcat.1.gz /usr/share/man/man1/xzcat.1.gz --slave /usr/bin/lzmore lzmore /usr/bin/xzmore --slave /usr/share/man/man1/lzmore.1.gz lzmore.1.gz /usr/share/man/man1/xzmore.1.gz --slave /usr/bin/lzless lzless /usr/bin/xzless --slave /usr/share/man/man1/lzless.1.gz lzless.1.gz /usr/share/man/man1/xzless.1.gz --slave /usr/bin/lzdiff lzdiff /usr/bin/xzdiff --slave /usr/share/man/man1/lzdiff.1.gz lzdiff.1.gz /usr/share/man/man1/xzdiff.1.gz --slave /usr/bin/lzcmp lzcmp /usr/bin/xzcmp --slave /usr/share/man/man1/lzcmp.1.gz lzcmp.1.gz /usr/share/man/man1/xzcmp.1.gz --slave /usr/bin/lzgrep lzgrep /usr/bin/xzgrep --slave /usr/share/man/man1/lzgrep.1.gz lzgrep.1.gz /usr/share/man/man1/xzgrep.1.gz --slave /usr/bin/lzegrep lzegrep /usr/bin/xzegrep --slave /usr/share/man/man1/lzegrep.1.gz lzegrep.1.gz /usr/share/man/man1/xzegrep.1.gz --slave /usr/bin/lzfgrep lzfgrep /usr/bin/xzfgrep --slave /usr/share/man/man1/lzfgrep.1.gz lzfgrep.1.gz /usr/share/man/man1/xzfgrep.1.gz
update-alternatives 2018-12-25 20:26:48: link group lzma updated to point to /usr/bin/xz
update-alternatives 2018-12-25 20:26:52: run with --install /usr/bin/frm frm /usr/bin/frm.mailutils 20 --slave /usr/share/man/man1/frm.1.gz frm.1.gz /usr/share/man/man1/frm.mailutils.1.gz
update-alternatives 2018-12-25 20:26:52: link group frm updated to point to /usr/bin/frm.mailutils
update-alternatives 2018-12-25 20:26:52: run with --install /usr/bin/from from /usr/bin/from.mailutils 20 --slave /usr/share/man/man1/from.1.gz from.1.gz /usr/share/man/man1/from.mailutils.1.gz
update-alternatives 2018-12-25 20:26:52: link group from updated to point to /usr/bin/from.mailutils
update-alternatives 2018-12-25 20:26:52: run with --install /usr/bin/messages messages /usr/bin/messages.mailutils 20 --slave /usr/share/man/man1/messages.1.gz messages.1.gz /usr/share/man/man1/messages.mailutils.1.gz
update-alternatives 2018-12-25 20:26:52: link group messages updated to point to /usr/bin/messages.mailutils
update-alternatives 2018-12-25 20:26:52: run with --install /usr/bin/movemail movemail /usr/bin/movemail.mailutils 20 --slave /usr/share/man/man1/movemail.1.gz movemail.1.gz /usr/share/man/man1/movemail.mailutils.1.gz
update-alternatives 2018-12-25 20:26:52: link group movemail updated to point to /usr/bin/movemail.mailutils
update-alternatives 2018-12-25 20:26:52: run with --install /usr/bin/readmsg readmsg /usr/bin/readmsg.mailutils 20 --slave /usr/share/man/man1/readmsg.1.gz readmsg.1.gz /usr/share/man/man1/readmsg.mailutils.1.gz
update-alternatives 2018-12-25 20:26:52: link group readmsg updated to point to /usr/bin/readmsg.mailutils
update-alternatives 2018-12-25 20:26:52: run with --install /usr/bin/dotlock dotlock /usr/bin/dotlock.mailutils 4 --slave /usr/share/man/man1/dotlock.1.gz dotlock.1.gz /usr/share/man/man1/dotlock.mailutils.1.gz
update-alternatives 2018-12-25 20:26:52: link group dotlock updated to point to /usr/bin/dotlock.mailutils
update-alternatives 2018-12-25 20:26:52: run with --install /usr/bin/mailx mailx /usr/bin/mail.mailutils 30 --slave /usr/share/man/man1/mailx.1.gz mailx.1.gz /usr/share/man/man1/mail.mailutils.1.gz --slave /usr/bin/mail mail /usr/bin/mail.mailutils --slave /usr/share/man/man1/mail.1.gz mail.1.gz /usr/share/man/man1/mail.mailutils.1.gz
update-alternatives 2018-12-25 20:26:52: link group mailx updated to point to /usr/bin/mail.mailutils
