2018-12-25 19:58:17 startup archives install
2018-12-25 19:58:17 install base-passwd:amd64 <none> 3.5.43
2018-12-25 19:58:17 status half-installed base-passwd:amd64 3.5.43
2018-12-25 19:58:17 status unpacked base-passwd:amd64 3.5.43
2018-12-25 19:58:17 status unpacked base-passwd:amd64 3.5.43
2018-12-25 19:58:17 configure base-passwd:amd64 3.5.43 3.5.43
2018-12-25 19:58:17 status unpacked base-passwd:amd64 3.5.43
2018-12-25 19:58:17 status half-configured base-passwd:amd64 3.5.43
2018-12-25 19:58:17 status installed base-passwd:amd64 3.5.43
2018-12-25 19:58:18 startup archives install
2018-12-25 19:58:18 install base-files:amd64 <none> 9.9+deb9u6
2018-12-25 19:58:18 status half-installed base-files:amd64 9.9+deb9u6
2018-12-25 19:58:18 status unpacked base-files:amd64 9.9+deb9u6
2018-12-25 19:58:18 status unpacked base-files:amd64 9.9+deb9u6
2018-12-25 19:58:18 configure base-files:amd64 9.9+deb9u6 9.9+deb9u6
2018-12-25 19:58:18 status unpacked base-files:amd64 9.9+deb9u6
2018-12-25 19:58:18 status unpacked base-files:amd64 9.9+deb9u6
2018-12-25 19:58:18 status unpacked base-files:amd64 9.9+deb9u6
2018-12-25 19:58:18 status unpacked base-files:amd64 9.9+deb9u6
2018-12-25 19:58:18 status unpacked base-files:amd64 9.9+deb9u6
2018-12-25 19:58:18 status unpacked base-files:amd64 9.9+deb9u6
2018-12-25 19:58:18 status unpacked base-files:amd64 9.9+deb9u6
2018-12-25 19:58:18 status half-configured base-files:amd64 9.9+deb9u6
2018-12-25 19:58:18 status installed base-files:amd64 9.9+deb9u6
2018-12-25 19:58:18 startup archives install
2018-12-25 19:58:18 upgrade dpkg 1.18.25 1.18.25
2018-12-25 19:58:18 status half-configured dpkg 1.18.25
2018-12-25 19:58:18 status unpacked dpkg 1.18.25
2018-12-25 19:58:18 status half-installed dpkg 1.18.25
2018-12-25 19:58:19 status half-installed dpkg 1.18.25
2018-12-25 19:58:20 status unpacked dpkg:amd64 1.18.25
2018-12-25 19:58:20 status unpacked dpkg:amd64 1.18.25
2018-12-25 19:58:20 configure dpkg:amd64 1.18.25 1.18.25
2018-12-25 19:58:20 status unpacked dpkg:amd64 1.18.25
2018-12-25 19:58:20 status unpacked dpkg:amd64 1.18.25
2018-12-25 19:58:20 status unpacked dpkg:amd64 1.18.25
2018-12-25 19:58:20 status unpacked dpkg:amd64 1.18.25
2018-12-25 19:58:20 status unpacked dpkg:amd64 1.18.25
2018-12-25 19:58:20 status half-configured dpkg:amd64 1.18.25
2018-12-25 19:58:20 status installed dpkg:amd64 1.18.25
2018-12-25 19:58:20 startup archives install
2018-12-25 19:58:20 install libc6:amd64 <none> 2.24-11+deb9u3
2018-12-25 19:58:20 status half-installed libc6:amd64 2.24-11+deb9u3
2018-12-25 19:58:22 status unpacked libc6:amd64 2.24-11+deb9u3
2018-12-25 19:58:22 status unpacked libc6:amd64 2.24-11+deb9u3
2018-12-25 19:58:22 configure libc6:amd64 2.24-11+deb9u3 2.24-11+deb9u3
2018-12-25 19:58:22 status unpacked libc6:amd64 2.24-11+deb9u3
2018-12-25 19:58:23 status unpacked libc6:amd64 2.24-11+deb9u3
2018-12-25 19:58:23 status half-configured libc6:amd64 2.24-11+deb9u3
2018-12-25 19:58:23 status installed libc6:amd64 2.24-11+deb9u3
2018-12-25 19:58:23 startup archives install
2018-12-25 19:58:23 install perl-base:amd64 <none> 5.24.1-3+deb9u4
2018-12-25 19:58:23 status half-installed perl-base:amd64 5.24.1-3+deb9u4
2018-12-25 19:58:27 status unpacked perl-base:amd64 5.24.1-3+deb9u4
2018-12-25 19:58:27 status unpacked perl-base:amd64 5.24.1-3+deb9u4
2018-12-25 19:58:27 configure perl-base:amd64 5.24.1-3+deb9u4 5.24.1-3+deb9u4
2018-12-25 19:58:27 status unpacked perl-base:amd64 5.24.1-3+deb9u4
2018-12-25 19:58:27 status half-configured perl-base:amd64 5.24.1-3+deb9u4
2018-12-25 19:58:27 status installed perl-base:amd64 5.24.1-3+deb9u4
2018-12-25 19:58:27 startup archives install
2018-12-25 19:58:27 install mawk:amd64 <none> 1.3.3-17+b3
2018-12-25 19:58:27 status half-installed mawk:amd64 1.3.3-17+b3
2018-12-25 19:58:27 status unpacked mawk:amd64 1.3.3-17+b3
2018-12-25 19:58:27 status unpacked mawk:amd64 1.3.3-17+b3
2018-12-25 19:58:27 configure mawk:amd64 1.3.3-17+b3 1.3.3-17+b3
2018-12-25 19:58:27 status unpacked mawk:amd64 1.3.3-17+b3
2018-12-25 19:58:27 status half-configured mawk:amd64 1.3.3-17+b3
2018-12-25 19:58:27 status installed mawk:amd64 1.3.3-17+b3
2018-12-25 19:58:27 startup archives unpack
2018-12-25 19:58:27 install libacl1:amd64 <none> 2.2.52-3+b1
2018-12-25 19:58:27 status half-installed libacl1:amd64 2.2.52-3+b1
2018-12-25 19:58:28 status unpacked libacl1:amd64 2.2.52-3+b1
2018-12-25 19:58:28 status unpacked libacl1:amd64 2.2.52-3+b1
2018-12-25 19:58:28 install libattr1:amd64 <none> 1:2.4.47-2+b2
2018-12-25 19:58:28 status half-installed libattr1:amd64 1:2.4.47-2+b2
2018-12-25 19:58:28 status unpacked libattr1:amd64 1:2.4.47-2+b2
2018-12-25 19:58:28 status unpacked libattr1:amd64 1:2.4.47-2+b2
2018-12-25 19:58:28 install libaudit-common:all <none> 1:2.6.7-2
2018-12-25 19:58:28 status half-installed libaudit-common:all 1:2.6.7-2
2018-12-25 19:58:28 status unpacked libaudit-common:all 1:2.6.7-2
2018-12-25 19:58:28 status unpacked libaudit-common:all 1:2.6.7-2
2018-12-25 19:58:28 install libaudit1:amd64 <none> 1:2.6.7-2
2018-12-25 19:58:28 status half-installed libaudit1:amd64 1:2.6.7-2
2018-12-25 19:58:28 status unpacked libaudit1:amd64 1:2.6.7-2
2018-12-25 19:58:28 status unpacked libaudit1:amd64 1:2.6.7-2
2018-12-25 19:58:28 upgrade base-files:amd64 9.9+deb9u6 9.9+deb9u6
2018-12-25 19:58:28 status half-configured base-files:amd64 9.9+deb9u6
2018-12-25 19:58:28 status unpacked base-files:amd64 9.9+deb9u6
2018-12-25 19:58:28 status half-installed base-files:amd64 9.9+deb9u6
2018-12-25 19:58:29 status half-installed base-files:amd64 9.9+deb9u6
2018-12-25 19:58:29 status unpacked base-files:amd64 9.9+deb9u6
2018-12-25 19:58:29 status unpacked base-files:amd64 9.9+deb9u6
2018-12-25 19:58:29 upgrade base-passwd:amd64 3.5.43 3.5.43
2018-12-25 19:58:29 status half-configured base-passwd:amd64 3.5.43
2018-12-25 19:58:29 status unpacked base-passwd:amd64 3.5.43
2018-12-25 19:58:29 status half-installed base-passwd:amd64 3.5.43
2018-12-25 19:58:29 status half-installed base-passwd:amd64 3.5.43
2018-12-25 19:58:29 status unpacked base-passwd:amd64 3.5.43
2018-12-25 19:58:29 status unpacked base-passwd:amd64 3.5.43
2018-12-25 19:58:29 install bash:amd64 <none> 4.4-5
2018-12-25 19:58:29 status half-installed bash:amd64 4.4-5
2018-12-25 19:58:30 status unpacked bash:amd64 4.4-5
2018-12-25 19:58:30 status unpacked bash:amd64 4.4-5
2018-12-25 19:58:30 install libbz2-1.0:amd64 <none> 1.0.6-8.1
2018-12-25 19:58:30 status half-installed libbz2-1.0:amd64 1.0.6-8.1
2018-12-25 19:58:30 status unpacked libbz2-1.0:amd64 1.0.6-8.1
2018-12-25 19:58:30 status unpacked libbz2-1.0:amd64 1.0.6-8.1
2018-12-25 19:58:30 install libdebconfclient0:amd64 <none> 0.227
2018-12-25 19:58:30 status half-installed libdebconfclient0:amd64 0.227
2018-12-25 19:58:30 status unpacked libdebconfclient0:amd64 0.227
2018-12-25 19:58:30 status unpacked libdebconfclient0:amd64 0.227
2018-12-25 19:58:30 install coreutils:amd64 <none> 8.26-3
2018-12-25 19:58:30 status half-installed coreutils:amd64 8.26-3
2018-12-25 19:58:33 status unpacked coreutils:amd64 8.26-3
2018-12-25 19:58:33 status unpacked coreutils:amd64 8.26-3
2018-12-25 19:58:33 install dash:amd64 <none> 0.5.8-2.4
2018-12-25 19:58:33 status half-installed dash:amd64 0.5.8-2.4
2018-12-25 19:58:33 status unpacked dash:amd64 0.5.8-2.4
2018-12-25 19:58:33 status unpacked dash:amd64 0.5.8-2.4
2018-12-25 19:58:33 install libdb5.3:amd64 <none> 5.3.28-12+deb9u1
2018-12-25 19:58:33 status half-installed libdb5.3:amd64 5.3.28-12+deb9u1
2018-12-25 19:58:33 status unpacked libdb5.3:amd64 5.3.28-12+deb9u1
2018-12-25 19:58:33 status unpacked libdb5.3:amd64 5.3.28-12+deb9u1
2018-12-25 19:58:33 install debconf:all <none> 1.5.61
2018-12-25 19:58:33 status half-installed debconf:all 1.5.61
2018-12-25 19:58:35 status unpacked debconf:all 1.5.61
2018-12-25 19:58:35 status unpacked debconf:all 1.5.61
2018-12-25 19:58:35 install debianutils:amd64 <none> 4.8.1.1
2018-12-25 19:58:35 status half-installed debianutils:amd64 4.8.1.1
2018-12-25 19:58:35 status unpacked debianutils:amd64 4.8.1.1
2018-12-25 19:58:35 status unpacked debianutils:amd64 4.8.1.1
2018-12-25 19:58:35 install diffutils:amd64 <none> 1:3.5-3
2018-12-25 19:58:35 status half-installed diffutils:amd64 1:3.5-3
2018-12-25 19:58:36 status unpacked diffutils:amd64 1:3.5-3
2018-12-25 19:58:36 status unpacked diffutils:amd64 1:3.5-3
2018-12-25 19:58:36 upgrade dpkg:amd64 1.18.25 1.18.25
2018-12-25 19:58:36 status half-configured dpkg:amd64 1.18.25
2018-12-25 19:58:36 status unpacked dpkg:amd64 1.18.25
2018-12-25 19:58:36 status half-installed dpkg:amd64 1.18.25
2018-12-25 19:58:37 status half-installed dpkg:amd64 1.18.25
2018-12-25 19:58:37 status unpacked dpkg:amd64 1.18.25
2018-12-25 19:58:37 status unpacked dpkg:amd64 1.18.25
2018-12-25 19:58:37 install e2fslibs:amd64 <none> 1.43.4-2
2018-12-25 19:58:37 status half-installed e2fslibs:amd64 1.43.4-2
2018-12-25 19:58:37 status unpacked e2fslibs:amd64 1.43.4-2
2018-12-25 19:58:38 status unpacked e2fslibs:amd64 1.43.4-2
2018-12-25 19:58:38 install e2fsprogs:amd64 <none> 1.43.4-2
2018-12-25 19:58:38 status half-installed e2fsprogs:amd64 1.43.4-2
2018-12-25 19:58:38 status unpacked e2fsprogs:amd64 1.43.4-2
2018-12-25 19:58:38 status unpacked e2fsprogs:amd64 1.43.4-2
2018-12-25 19:58:38 install libcomerr2:amd64 <none> 1.43.4-2
2018-12-25 19:58:38 status half-installed libcomerr2:amd64 1.43.4-2
2018-12-25 19:58:38 status unpacked libcomerr2:amd64 1.43.4-2
2018-12-25 19:58:38 status unpacked libcomerr2:amd64 1.43.4-2
2018-12-25 19:58:39 install libss2:amd64 <none> 1.43.4-2
2018-12-25 19:58:39 status half-installed libss2:amd64 1.43.4-2
2018-12-25 19:58:39 status unpacked libss2:amd64 1.43.4-2
2018-12-25 19:58:39 status unpacked libss2:amd64 1.43.4-2
2018-12-25 19:58:39 install findutils:amd64 <none> 4.6.0+git+20161106-2
2018-12-25 19:58:39 status half-installed findutils:amd64 4.6.0+git+20161106-2
2018-12-25 19:58:39 status unpacked findutils:amd64 4.6.0+git+20161106-2
2018-12-25 19:58:39 status unpacked findutils:amd64 4.6.0+git+20161106-2
2018-12-25 19:58:39 install gcc-6-base:amd64 <none> 6.3.0-18+deb9u1
2018-12-25 19:58:39 status half-installed gcc-6-base:amd64 6.3.0-18+deb9u1
2018-12-25 19:58:40 status unpacked gcc-6-base:amd64 6.3.0-18+deb9u1
2018-12-25 19:58:40 status unpacked gcc-6-base:amd64 6.3.0-18+deb9u1
2018-12-25 19:58:40 install libgcc1:amd64 <none> 1:6.3.0-18+deb9u1
2018-12-25 19:58:40 status half-installed libgcc1:amd64 1:6.3.0-18+deb9u1
2018-12-25 19:58:40 status unpacked libgcc1:amd64 1:6.3.0-18+deb9u1
2018-12-25 19:58:40 status unpacked libgcc1:amd64 1:6.3.0-18+deb9u1
2018-12-25 19:58:40 install libc-bin:amd64 <none> 2.24-11+deb9u3
2018-12-25 19:58:40 status half-installed libc-bin:amd64 2.24-11+deb9u3
2018-12-25 19:58:40 status unpacked libc-bin:amd64 2.24-11+deb9u3
2018-12-25 19:58:40 status unpacked libc-bin:amd64 2.24-11+deb9u3
2018-12-25 19:58:41 upgrade libc6:amd64 2.24-11+deb9u3 2.24-11+deb9u3
2018-12-25 19:58:41 status half-configured libc6:amd64 2.24-11+deb9u3
2018-12-25 19:58:41 status unpacked libc6:amd64 2.24-11+deb9u3
2018-12-25 19:58:41 status half-installed libc6:amd64 2.24-11+deb9u3
2018-12-25 19:58:43 status half-installed libc6:amd64 2.24-11+deb9u3
2018-12-25 19:58:43 status unpacked libc6:amd64 2.24-11+deb9u3
2018-12-25 19:58:43 status unpacked libc6:amd64 2.24-11+deb9u3
2018-12-25 19:58:43 install multiarch-support:amd64 <none> 2.24-11+deb9u3
2018-12-25 19:58:43 status half-installed multiarch-support:amd64 2.24-11+deb9u3
2018-12-25 19:58:43 status unpacked multiarch-support:amd64 2.24-11+deb9u3
2018-12-25 19:58:43 status unpacked multiarch-support:amd64 2.24-11+deb9u3
2018-12-25 19:58:44 install grep:amd64 <none> 2.27-2
2018-12-25 19:58:44 status half-installed grep:amd64 2.27-2
2018-12-25 19:58:44 status unpacked grep:amd64 2.27-2
2018-12-25 19:58:44 status unpacked grep:amd64 2.27-2
2018-12-25 19:58:44 install gzip:amd64 <none> 1.6-5+b1
2018-12-25 19:58:44 status half-installed gzip:amd64 1.6-5+b1
2018-12-25 19:58:44 status unpacked gzip:amd64 1.6-5+b1
2018-12-25 19:58:45 status unpacked gzip:amd64 1.6-5+b1
2018-12-25 19:58:45 install hostname:amd64 <none> 3.18+b1
2018-12-25 19:58:45 status half-installed hostname:amd64 3.18+b1
2018-12-25 19:58:45 status unpacked hostname:amd64 3.18+b1
2018-12-25 19:58:45 status unpacked hostname:amd64 3.18+b1
2018-12-25 19:58:45 install init-system-helpers:all <none> 1.48
2018-12-25 19:58:45 status half-installed init-system-helpers:all 1.48
2018-12-25 19:58:45 status unpacked init-system-helpers:all 1.48
2018-12-25 19:58:45 status unpacked init-system-helpers:all 1.48
2018-12-25 19:58:45 install libcap-ng0:amd64 <none> 0.7.7-3+b1
2018-12-25 19:58:45 status half-installed libcap-ng0:amd64 0.7.7-3+b1
2018-12-25 19:58:45 status unpacked libcap-ng0:amd64 0.7.7-3+b1
2018-12-25 19:58:45 status unpacked libcap-ng0:amd64 0.7.7-3+b1
2018-12-25 19:58:45 install libgcrypt20:amd64 <none> 1.7.6-2+deb9u3
2018-12-25 19:58:45 status half-installed libgcrypt20:amd64 1.7.6-2+deb9u3
2018-12-25 19:58:46 status unpacked libgcrypt20:amd64 1.7.6-2+deb9u3
2018-12-25 19:58:46 status unpacked libgcrypt20:amd64 1.7.6-2+deb9u3
2018-12-25 19:58:46 install libgpg-error0:amd64 <none> 1.26-2
2018-12-25 19:58:46 status half-installed libgpg-error0:amd64 1.26-2
2018-12-25 19:58:46 status unpacked libgpg-error0:amd64 1.26-2
2018-12-25 19:58:46 status unpacked libgpg-error0:amd64 1.26-2
2018-12-25 19:58:46 install libselinux1:amd64 <none> 2.6-3+b3
2018-12-25 19:58:46 status half-installed libselinux1:amd64 2.6-3+b3
2018-12-25 19:58:46 status unpacked libselinux1:amd64 2.6-3+b3
2018-12-25 19:58:46 status unpacked libselinux1:amd64 2.6-3+b3
2018-12-25 19:58:46 install libsemanage-common:all <none> 2.6-2
2018-12-25 19:58:46 status half-installed libsemanage-common:all 2.6-2
2018-12-25 19:58:47 status unpacked libsemanage-common:all 2.6-2
2018-12-25 19:58:47 status unpacked libsemanage-common:all 2.6-2
2018-12-25 19:58:47 install libsemanage1:amd64 <none> 2.6-2
2018-12-25 19:58:47 status half-installed libsemanage1:amd64 2.6-2
2018-12-25 19:58:47 status unpacked libsemanage1:amd64 2.6-2
2018-12-25 19:58:47 status unpacked libsemanage1:amd64 2.6-2
2018-12-25 19:58:47 install libsepol1:amd64 <none> 2.6-2
2018-12-25 19:58:47 status half-installed libsepol1:amd64 2.6-2
2018-12-25 19:58:47 status unpacked libsepol1:amd64 2.6-2
2018-12-25 19:58:47 status unpacked libsepol1:amd64 2.6-2
2018-12-25 19:58:47 install lsb-base:all <none> 9.20161125
2018-12-25 19:58:47 status half-installed lsb-base:all 9.20161125
2018-12-25 19:58:47 status unpacked lsb-base:all 9.20161125
2018-12-25 19:58:47 status unpacked lsb-base:all 9.20161125
2018-12-25 19:58:47 install liblz4-1:amd64 <none> 0.0~r131-2+b1
2018-12-25 19:58:47 status half-installed liblz4-1:amd64 0.0~r131-2+b1
2018-12-25 19:58:48 status unpacked liblz4-1:amd64 0.0~r131-2+b1
2018-12-25 19:58:48 status unpacked liblz4-1:amd64 0.0~r131-2+b1
2018-12-25 19:58:48 upgrade mawk:amd64 1.3.3-17+b3 1.3.3-17+b3
2018-12-25 19:58:48 status half-configured mawk:amd64 1.3.3-17+b3
2018-12-25 19:58:48 status unpacked mawk:amd64 1.3.3-17+b3
2018-12-25 19:58:48 status half-installed mawk:amd64 1.3.3-17+b3
2018-12-25 19:58:48 status half-installed mawk:amd64 1.3.3-17+b3
2018-12-25 19:58:48 status unpacked mawk:amd64 1.3.3-17+b3
2018-12-25 19:58:48 status unpacked mawk:amd64 1.3.3-17+b3
2018-12-25 19:58:48 install libncursesw5:amd64 <none> 6.0+20161126-1+deb9u2
2018-12-25 19:58:48 status half-installed libncursesw5:amd64 6.0+20161126-1+deb9u2
2018-12-25 19:58:48 status unpacked libncursesw5:amd64 6.0+20161126-1+deb9u2
2018-12-25 19:58:48 status unpacked libncursesw5:amd64 6.0+20161126-1+deb9u2
2018-12-25 19:58:48 install libtinfo5:amd64 <none> 6.0+20161126-1+deb9u2
2018-12-25 19:58:48 status half-installed libtinfo5:amd64 6.0+20161126-1+deb9u2
2018-12-25 19:58:49 status unpacked libtinfo5:amd64 6.0+20161126-1+deb9u2
2018-12-25 19:58:49 status unpacked libtinfo5:amd64 6.0+20161126-1+deb9u2
2018-12-25 19:58:49 install ncurses-base:all <none> 6.0+20161126-1+deb9u2
2018-12-25 19:58:49 status half-installed ncurses-base:all 6.0+20161126-1+deb9u2
2018-12-25 19:58:49 status unpacked ncurses-base:all 6.0+20161126-1+deb9u2
2018-12-25 19:58:49 status unpacked ncurses-base:all 6.0+20161126-1+deb9u2
2018-12-25 19:58:49 install ncurses-bin:amd64 <none> 6.0+20161126-1+deb9u2
2018-12-25 19:58:49 status half-installed ncurses-bin:amd64 6.0+20161126-1+deb9u2
2018-12-25 19:58:50 status unpacked ncurses-bin:amd64 6.0+20161126-1+deb9u2
2018-12-25 19:58:50 status unpacked ncurses-bin:amd64 6.0+20161126-1+deb9u2
2018-12-25 19:58:50 install libpam-modules:amd64 <none> 1.1.8-3.6
2018-12-25 19:58:50 status half-installed libpam-modules:amd64 1.1.8-3.6
2018-12-25 19:58:51 status unpacked libpam-modules:amd64 1.1.8-3.6
2018-12-25 19:58:51 status unpacked libpam-modules:amd64 1.1.8-3.6
2018-12-25 19:58:51 install libpam-modules-bin:amd64 <none> 1.1.8-3.6
2018-12-25 19:58:51 status half-installed libpam-modules-bin:amd64 1.1.8-3.6
2018-12-25 19:58:51 status unpacked libpam-modules-bin:amd64 1.1.8-3.6
2018-12-25 19:58:51 status unpacked libpam-modules-bin:amd64 1.1.8-3.6
2018-12-25 19:58:51 install libpam-runtime:all <none> 1.1.8-3.6
2018-12-25 19:58:51 status half-installed libpam-runtime:all 1.1.8-3.6
2018-12-25 19:58:52 status unpacked libpam-runtime:all 1.1.8-3.6
2018-12-25 19:58:52 status unpacked libpam-runtime:all 1.1.8-3.6
2018-12-25 19:58:52 install libpam0g:amd64 <none> 1.1.8-3.6
2018-12-25 19:58:52 status half-installed libpam0g:amd64 1.1.8-3.6
2018-12-25 19:58:52 status unpacked libpam0g:amd64 1.1.8-3.6
2018-12-25 19:58:52 status unpacked libpam0g:amd64 1.1.8-3.6
2018-12-25 19:58:52 install libpcre3:amd64 <none> 2:8.39-3
2018-12-25 19:58:52 status half-installed libpcre3:amd64 2:8.39-3
2018-12-25 19:58:53 status unpacked libpcre3:amd64 2:8.39-3
2018-12-25 19:58:53 status unpacked libpcre3:amd64 2:8.39-3
2018-12-25 19:58:53 upgrade perl-base:amd64 5.24.1-3+deb9u4 5.24.1-3+deb9u4
2018-12-25 19:58:53 status half-configured perl-base:amd64 5.24.1-3+deb9u4
2018-12-25 19:58:53 status unpacked perl-base:amd64 5.24.1-3+deb9u4
2018-12-25 19:58:53 status half-installed perl-base:amd64 5.24.1-3+deb9u4
2018-12-25 19:58:57 status half-installed perl-base:amd64 5.24.1-3+deb9u4
2018-12-25 19:58:57 status unpacked perl-base:amd64 5.24.1-3+deb9u4
2018-12-25 19:58:57 status unpacked perl-base:amd64 5.24.1-3+deb9u4
2018-12-25 19:58:57 install sed:amd64 <none> 4.4-1
2018-12-25 19:58:57 status half-installed sed:amd64 4.4-1
2018-12-25 19:58:57 status unpacked sed:amd64 4.4-1
2018-12-25 19:58:57 status unpacked sed:amd64 4.4-1
2018-12-25 19:58:58 install sensible-utils:all <none> 0.0.9+deb9u1
2018-12-25 19:58:58 status half-installed sensible-utils:all 0.0.9+deb9u1
2018-12-25 19:58:58 status unpacked sensible-utils:all 0.0.9+deb9u1
2018-12-25 19:58:58 status unpacked sensible-utils:all 0.0.9+deb9u1
2018-12-25 19:58:58 install login:amd64 <none> 1:4.4-4.1
2018-12-25 19:58:58 status half-installed login:amd64 1:4.4-4.1
2018-12-25 19:58:59 status unpacked login:amd64 1:4.4-4.1
2018-12-25 19:58:59 status unpacked login:amd64 1:4.4-4.1
2018-12-25 19:58:59 install passwd:amd64 <none> 1:4.4-4.1
2018-12-25 19:58:59 status half-installed passwd:amd64 1:4.4-4.1
2018-12-25 19:59:02 status unpacked passwd:amd64 1:4.4-4.1
2018-12-25 19:59:02 status unpacked passwd:amd64 1:4.4-4.1
2018-12-25 19:59:02 install libsystemd0:amd64 <none> 232-25+deb9u6
2018-12-25 19:59:02 status half-installed libsystemd0:amd64 232-25+deb9u6
2018-12-25 19:59:02 status unpacked libsystemd0:amd64 232-25+deb9u6
2018-12-25 19:59:02 status unpacked libsystemd0:amd64 232-25+deb9u6
2018-12-25 19:59:02 install libudev1:amd64 <none> 232-25+deb9u6
2018-12-25 19:59:02 status half-installed libudev1:amd64 232-25+deb9u6
2018-12-25 19:59:02 status unpacked libudev1:amd64 232-25+deb9u6
2018-12-25 19:59:02 status unpacked libudev1:amd64 232-25+deb9u6
2018-12-25 19:59:02 install sysvinit-utils:amd64 <none> 2.88dsf-59.9
2018-12-25 19:59:02 status half-installed sysvinit-utils:amd64 2.88dsf-59.9
2018-12-25 19:59:02 status unpacked sysvinit-utils:amd64 2.88dsf-59.9
2018-12-25 19:59:02 status unpacked sysvinit-utils:amd64 2.88dsf-59.9
2018-12-25 19:59:02 install tar:amd64 <none> 1.29b-1.1
2018-12-25 19:59:02 status half-installed tar:amd64 1.29b-1.1
2018-12-25 19:59:03 status unpacked tar:amd64 1.29b-1.1
2018-12-25 19:59:03 status unpacked tar:amd64 1.29b-1.1
2018-12-25 19:59:03 install tzdata:all <none> 2018g-0+deb9u1
2018-12-25 19:59:03 status half-installed tzdata:all 2018g-0+deb9u1
2018-12-25 19:59:09 status unpacked tzdata:all 2018g-0+deb9u1
2018-12-25 19:59:09 status unpacked tzdata:all 2018g-0+deb9u1
2018-12-25 19:59:09 install libustr-1.0-1:amd64 <none> 1.0.4-6
2018-12-25 19:59:09 status half-installed libustr-1.0-1:amd64 1.0.4-6
2018-12-25 19:59:09 status unpacked libustr-1.0-1:amd64 1.0.4-6
2018-12-25 19:59:09 status unpacked libustr-1.0-1:amd64 1.0.4-6
2018-12-25 19:59:09 install bsdutils:amd64 <none> 1:2.29.2-1+deb9u1
2018-12-25 19:59:09 status half-installed bsdutils:amd64 1:2.29.2-1+deb9u1
2018-12-25 19:59:10 status unpacked bsdutils:amd64 1:2.29.2-1+deb9u1
2018-12-25 19:59:10 status unpacked bsdutils:amd64 1:2.29.2-1+deb9u1
2018-12-25 19:59:10 install libblkid1:amd64 <none> 2.29.2-1+deb9u1
2018-12-25 19:59:10 status half-installed libblkid1:amd64 2.29.2-1+deb9u1
2018-12-25 19:59:10 status unpacked libblkid1:amd64 2.29.2-1+deb9u1
2018-12-25 19:59:10 status unpacked libblkid1:amd64 2.29.2-1+deb9u1
2018-12-25 19:59:10 install libfdisk1:amd64 <none> 2.29.2-1+deb9u1
2018-12-25 19:59:10 status half-installed libfdisk1:amd64 2.29.2-1+deb9u1
2018-12-25 19:59:10 status unpacked libfdisk1:amd64 2.29.2-1+deb9u1
2018-12-25 19:59:10 status unpacked libfdisk1:amd64 2.29.2-1+deb9u1
2018-12-25 19:59:10 install libmount1:amd64 <none> 2.29.2-1+deb9u1
2018-12-25 19:59:10 status half-installed libmount1:amd64 2.29.2-1+deb9u1
2018-12-25 19:59:10 status unpacked libmount1:amd64 2.29.2-1+deb9u1
2018-12-25 19:59:10 status unpacked libmount1:amd64 2.29.2-1+deb9u1
2018-12-25 19:59:10 install libsmartcols1:amd64 <none> 2.29.2-1+deb9u1
2018-12-25 19:59:10 status half-installed libsmartcols1:amd64 2.29.2-1+deb9u1
2018-12-25 19:59:11 status unpacked libsmartcols1:amd64 2.29.2-1+deb9u1
2018-12-25 19:59:11 status unpacked libsmartcols1:amd64 2.29.2-1+deb9u1
2018-12-25 19:59:11 install libuuid1:amd64 <none> 2.29.2-1+deb9u1
2018-12-25 19:59:11 status half-installed libuuid1:amd64 2.29.2-1+deb9u1
2018-12-25 19:59:11 status unpacked libuuid1:amd64 2.29.2-1+deb9u1
2018-12-25 19:59:11 status unpacked libuuid1:amd64 2.29.2-1+deb9u1
2018-12-25 19:59:11 install mount:amd64 <none> 2.29.2-1+deb9u1
2018-12-25 19:59:11 status half-installed mount:amd64 2.29.2-1+deb9u1
2018-12-25 19:59:11 status unpacked mount:amd64 2.29.2-1+deb9u1
2018-12-25 19:59:11 status unpacked mount:amd64 2.29.2-1+deb9u1
2018-12-25 19:59:11 install util-linux:amd64 <none> 2.29.2-1+deb9u1
2018-12-25 19:59:11 status half-installed util-linux:amd64 2.29.2-1+deb9u1
2018-12-25 19:59:14 status unpacked util-linux:amd64 2.29.2-1+deb9u1
2018-12-25 19:59:14 status unpacked util-linux:amd64 2.29.2-1+deb9u1
2018-12-25 19:59:14 install liblzma5:amd64 <none> 5.2.2-1.2+b1
2018-12-25 19:59:14 status half-installed liblzma5:amd64 5.2.2-1.2+b1
2018-12-25 19:59:14 status unpacked liblzma5:amd64 5.2.2-1.2+b1
2018-12-25 19:59:14 status unpacked liblzma5:amd64 5.2.2-1.2+b1
2018-12-25 19:59:14 install zlib1g:amd64 <none> 1:1.2.8.dfsg-5
2018-12-25 19:59:14 status half-installed zlib1g:amd64 1:1.2.8.dfsg-5
2018-12-25 19:59:14 status unpacked zlib1g:amd64 1:1.2.8.dfsg-5
2018-12-25 19:59:14 status unpacked zlib1g:amd64 1:1.2.8.dfsg-5
2018-12-25 19:59:14 startup packages configure
2018-12-25 19:59:14 configure gcc-6-base:amd64 6.3.0-18+deb9u1 <none>
2018-12-25 19:59:14 status unpacked gcc-6-base:amd64 6.3.0-18+deb9u1
2018-12-25 19:59:14 status half-configured gcc-6-base:amd64 6.3.0-18+deb9u1
2018-12-25 19:59:14 status installed gcc-6-base:amd64 6.3.0-18+deb9u1
2018-12-25 19:59:14 configure lsb-base:all 9.20161125 <none>
2018-12-25 19:59:14 status unpacked lsb-base:all 9.20161125
2018-12-25 19:59:14 status half-configured lsb-base:all 9.20161125
2018-12-25 19:59:14 status installed lsb-base:all 9.20161125
2018-12-25 19:59:14 configure sensible-utils:all 0.0.9+deb9u1 <none>
2018-12-25 19:59:14 status unpacked sensible-utils:all 0.0.9+deb9u1
2018-12-25 19:59:14 status half-configured sensible-utils:all 0.0.9+deb9u1
2018-12-25 19:59:14 status installed sensible-utils:all 0.0.9+deb9u1
2018-12-25 19:59:14 configure ncurses-base:all 6.0+20161126-1+deb9u2 <none>
2018-12-25 19:59:14 status unpacked ncurses-base:all 6.0+20161126-1+deb9u2
2018-12-25 19:59:15 status unpacked ncurses-base:all 6.0+20161126-1+deb9u2
2018-12-25 19:59:15 status half-configured ncurses-base:all 6.0+20161126-1+deb9u2
2018-12-25 19:59:15 status installed ncurses-base:all 6.0+20161126-1+deb9u2
2018-12-25 19:59:15 configure libsemanage-common:all 2.6-2 <none>
2018-12-25 19:59:15 status unpacked libsemanage-common:all 2.6-2
2018-12-25 19:59:15 status unpacked libsemanage-common:all 2.6-2
2018-12-25 19:59:15 status half-configured libsemanage-common:all 2.6-2
2018-12-25 19:59:15 status installed libsemanage-common:all 2.6-2
2018-12-25 19:59:15 configure libaudit-common:all 1:2.6.7-2 <none>
2018-12-25 19:59:15 status unpacked libaudit-common:all 1:2.6.7-2
2018-12-25 19:59:15 status unpacked libaudit-common:all 1:2.6.7-2
2018-12-25 19:59:15 status half-configured libaudit-common:all 1:2.6.7-2
2018-12-25 19:59:15 status installed libaudit-common:all 1:2.6.7-2
2018-12-25 19:59:15 configure libc6:amd64 2.24-11+deb9u3 <none>
2018-12-25 19:59:15 status unpacked libc6:amd64 2.24-11+deb9u3
2018-12-25 19:59:15 status unpacked libc6:amd64 2.24-11+deb9u3
2018-12-25 19:59:15 status half-configured libc6:amd64 2.24-11+deb9u3
2018-12-25 19:59:15 status installed libc6:amd64 2.24-11+deb9u3
2018-12-25 19:59:15 configure libbz2-1.0:amd64 1.0.6-8.1 <none>
2018-12-25 19:59:15 status unpacked libbz2-1.0:amd64 1.0.6-8.1
2018-12-25 19:59:15 status half-configured libbz2-1.0:amd64 1.0.6-8.1
2018-12-25 19:59:15 status installed libbz2-1.0:amd64 1.0.6-8.1
2018-12-25 19:59:15 configure libgpg-error0:amd64 1.26-2 <none>
2018-12-25 19:59:15 status unpacked libgpg-error0:amd64 1.26-2
2018-12-25 19:59:15 status half-configured libgpg-error0:amd64 1.26-2
2018-12-25 19:59:15 status installed libgpg-error0:amd64 1.26-2
2018-12-25 19:59:15 configure libc-bin:amd64 2.24-11+deb9u3 <none>
2018-12-25 19:59:15 status unpacked libc-bin:amd64 2.24-11+deb9u3
2018-12-25 19:59:15 status unpacked libc-bin:amd64 2.24-11+deb9u3
2018-12-25 19:59:15 status unpacked libc-bin:amd64 2.24-11+deb9u3
2018-12-25 19:59:15 status unpacked libc-bin:amd64 2.24-11+deb9u3
2018-12-25 19:59:15 status unpacked libc-bin:amd64 2.24-11+deb9u3
2018-12-25 19:59:15 status unpacked libc-bin:amd64 2.24-11+deb9u3
2018-12-25 19:59:15 status half-configured libc-bin:amd64 2.24-11+deb9u3
2018-12-25 19:59:15 status installed libc-bin:amd64 2.24-11+deb9u3
2018-12-25 19:59:15 configure libdebconfclient0:amd64 0.227 <none>
2018-12-25 19:59:15 status triggers-pending libc-bin:amd64 2.24-11+deb9u3
2018-12-25 19:59:15 status unpacked libdebconfclient0:amd64 0.227
2018-12-25 19:59:16 status half-configured libdebconfclient0:amd64 0.227
2018-12-25 19:59:16 status installed libdebconfclient0:amd64 0.227
2018-12-25 19:59:16 configure diffutils:amd64 1:3.5-3 <none>
2018-12-25 19:59:16 status unpacked diffutils:amd64 1:3.5-3
2018-12-25 19:59:16 status half-configured diffutils:amd64 1:3.5-3
2018-12-25 19:59:16 status installed diffutils:amd64 1:3.5-3
2018-12-25 19:59:16 configure libcomerr2:amd64 1.43.4-2 <none>
2018-12-25 19:59:16 status unpacked libcomerr2:amd64 1.43.4-2
2018-12-25 19:59:16 status half-configured libcomerr2:amd64 1.43.4-2
2018-12-25 19:59:16 status installed libcomerr2:amd64 1.43.4-2
2018-12-25 19:59:16 configure libcap-ng0:amd64 0.7.7-3+b1 <none>
2018-12-25 19:59:16 status unpacked libcap-ng0:amd64 0.7.7-3+b1
2018-12-25 19:59:16 status half-configured libcap-ng0:amd64 0.7.7-3+b1
2018-12-25 19:59:16 status installed libcap-ng0:amd64 0.7.7-3+b1
2018-12-25 19:59:16 configure libsepol1:amd64 2.6-2 <none>
2018-12-25 19:59:16 status unpacked libsepol1:amd64 2.6-2
2018-12-25 19:59:16 status half-configured libsepol1:amd64 2.6-2
2018-12-25 19:59:16 status installed libsepol1:amd64 2.6-2
2018-12-25 19:59:16 configure libgcc1:amd64 1:6.3.0-18+deb9u1 <none>
2018-12-25 19:59:16 status unpacked libgcc1:amd64 1:6.3.0-18+deb9u1
2018-12-25 19:59:16 status half-configured libgcc1:amd64 1:6.3.0-18+deb9u1
2018-12-25 19:59:16 status installed libgcc1:amd64 1:6.3.0-18+deb9u1
2018-12-25 19:59:16 configure libustr-1.0-1:amd64 1.0.4-6 <none>
2018-12-25 19:59:16 status unpacked libustr-1.0-1:amd64 1.0.4-6
2018-12-25 19:59:16 status half-configured libustr-1.0-1:amd64 1.0.4-6
2018-12-25 19:59:16 status installed libustr-1.0-1:amd64 1.0.4-6
2018-12-25 19:59:16 configure libsmartcols1:amd64 2.29.2-1+deb9u1 <none>
2018-12-25 19:59:16 status unpacked libsmartcols1:amd64 2.29.2-1+deb9u1
2018-12-25 19:59:16 status half-configured libsmartcols1:amd64 2.29.2-1+deb9u1
2018-12-25 19:59:16 status installed libsmartcols1:amd64 2.29.2-1+deb9u1
2018-12-25 19:59:16 configure libaudit1:amd64 1:2.6.7-2 <none>
2018-12-25 19:59:16 status unpacked libaudit1:amd64 1:2.6.7-2
2018-12-25 19:59:16 status half-configured libaudit1:amd64 1:2.6.7-2
2018-12-25 19:59:16 status installed libaudit1:amd64 1:2.6.7-2
2018-12-25 19:59:16 configure libtinfo5:amd64 6.0+20161126-1+deb9u2 <none>
2018-12-25 19:59:16 status unpacked libtinfo5:amd64 6.0+20161126-1+deb9u2
2018-12-25 19:59:16 status half-configured libtinfo5:amd64 6.0+20161126-1+deb9u2
2018-12-25 19:59:16 status installed libtinfo5:amd64 6.0+20161126-1+deb9u2
2018-12-25 19:59:16 configure libudev1:amd64 232-25+deb9u6 <none>
2018-12-25 19:59:16 status unpacked libudev1:amd64 232-25+deb9u6
2018-12-25 19:59:16 status half-configured libudev1:amd64 232-25+deb9u6
2018-12-25 19:59:16 status installed libudev1:amd64 232-25+deb9u6
2018-12-25 19:59:16 configure libattr1:amd64 1:2.4.47-2+b2 <none>
2018-12-25 19:59:16 status unpacked libattr1:amd64 1:2.4.47-2+b2
2018-12-25 19:59:16 status half-configured libattr1:amd64 1:2.4.47-2+b2
2018-12-25 19:59:16 status installed libattr1:amd64 1:2.4.47-2+b2
2018-12-25 19:59:16 configure libss2:amd64 1.43.4-2 <none>
2018-12-25 19:59:16 status unpacked libss2:amd64 1.43.4-2
2018-12-25 19:59:17 status half-configured libss2:amd64 1.43.4-2
2018-12-25 19:59:17 status installed libss2:amd64 1.43.4-2
2018-12-25 19:59:17 configure liblzma5:amd64 5.2.2-1.2+b1 <none>
2018-12-25 19:59:17 status unpacked liblzma5:amd64 5.2.2-1.2+b1
2018-12-25 19:59:17 status half-configured liblzma5:amd64 5.2.2-1.2+b1
2018-12-25 19:59:17 status installed liblzma5:amd64 5.2.2-1.2+b1
2018-12-25 19:59:17 configure base-passwd:amd64 3.5.43 <none>
2018-12-25 19:59:17 status unpacked base-passwd:amd64 3.5.43
2018-12-25 19:59:17 status half-configured base-passwd:amd64 3.5.43
2018-12-25 19:59:17 status installed base-passwd:amd64 3.5.43
2018-12-25 19:59:17 configure e2fslibs:amd64 1.43.4-2 <none>
2018-12-25 19:59:17 status unpacked e2fslibs:amd64 1.43.4-2
2018-12-25 19:59:17 status half-configured e2fslibs:amd64 1.43.4-2
2018-12-25 19:59:17 status installed e2fslibs:amd64 1.43.4-2
2018-12-25 19:59:17 configure liblz4-1:amd64 0.0~r131-2+b1 <none>
2018-12-25 19:59:17 status unpacked liblz4-1:amd64 0.0~r131-2+b1
2018-12-25 19:59:17 status half-configured liblz4-1:amd64 0.0~r131-2+b1
2018-12-25 19:59:17 status installed liblz4-1:amd64 0.0~r131-2+b1
2018-12-25 19:59:17 configure debianutils:amd64 4.8.1.1 <none>
2018-12-25 19:59:17 status unpacked debianutils:amd64 4.8.1.1
2018-12-25 19:59:17 status half-configured debianutils:amd64 4.8.1.1
2018-12-25 19:59:17 status installed debianutils:amd64 4.8.1.1
2018-12-25 19:59:17 configure libgcrypt20:amd64 1.7.6-2+deb9u3 <none>
2018-12-25 19:59:17 status unpacked libgcrypt20:amd64 1.7.6-2+deb9u3
2018-12-25 19:59:17 status half-configured libgcrypt20:amd64 1.7.6-2+deb9u3
2018-12-25 19:59:17 status installed libgcrypt20:amd64 1.7.6-2+deb9u3
2018-12-25 19:59:17 configure libncursesw5:amd64 6.0+20161126-1+deb9u2 <none>
2018-12-25 19:59:17 status unpacked libncursesw5:amd64 6.0+20161126-1+deb9u2
2018-12-25 19:59:17 status half-configured libncursesw5:amd64 6.0+20161126-1+deb9u2
2018-12-25 19:59:17 status installed libncursesw5:amd64 6.0+20161126-1+deb9u2
2018-12-25 19:59:17 configure libdb5.3:amd64 5.3.28-12+deb9u1 <none>
2018-12-25 19:59:17 status unpacked libdb5.3:amd64 5.3.28-12+deb9u1
2018-12-25 19:59:17 status half-configured libdb5.3:amd64 5.3.28-12+deb9u1
2018-12-25 19:59:17 status installed libdb5.3:amd64 5.3.28-12+deb9u1
2018-12-25 19:59:17 configure zlib1g:amd64 1:1.2.8.dfsg-5 <none>
2018-12-25 19:59:17 status unpacked zlib1g:amd64 1:1.2.8.dfsg-5
2018-12-25 19:59:17 status half-configured zlib1g:amd64 1:1.2.8.dfsg-5
2018-12-25 19:59:17 status installed zlib1g:amd64 1:1.2.8.dfsg-5
2018-12-25 19:59:17 configure hostname:amd64 3.18+b1 <none>
2018-12-25 19:59:17 status unpacked hostname:amd64 3.18+b1
2018-12-25 19:59:17 status half-configured hostname:amd64 3.18+b1
2018-12-25 19:59:17 status installed hostname:amd64 3.18+b1
2018-12-25 19:59:17 configure multiarch-support:amd64 2.24-11+deb9u3 <none>
2018-12-25 19:59:17 status unpacked multiarch-support:amd64 2.24-11+deb9u3
2018-12-25 19:59:18 status half-configured multiarch-support:amd64 2.24-11+deb9u3
2018-12-25 19:59:18 status installed multiarch-support:amd64 2.24-11+deb9u3
2018-12-25 19:59:18 configure mawk:amd64 1.3.3-17+b3 <none>
2018-12-25 19:59:18 status unpacked mawk:amd64 1.3.3-17+b3
2018-12-25 19:59:18 status half-configured mawk:amd64 1.3.3-17+b3
2018-12-25 19:59:18 status installed mawk:amd64 1.3.3-17+b3
2018-12-25 19:59:18 configure libpcre3:amd64 2:8.39-3 <none>
2018-12-25 19:59:18 status unpacked libpcre3:amd64 2:8.39-3
2018-12-25 19:59:18 status half-configured libpcre3:amd64 2:8.39-3
2018-12-25 19:59:18 status installed libpcre3:amd64 2:8.39-3
2018-12-25 19:59:18 configure base-files:amd64 9.9+deb9u6 <none>
2018-12-25 19:59:18 status unpacked base-files:amd64 9.9+deb9u6
2018-12-25 19:59:18 status unpacked base-files:amd64 9.9+deb9u6
2018-12-25 19:59:18 status unpacked base-files:amd64 9.9+deb9u6
2018-12-25 19:59:18 status unpacked base-files:amd64 9.9+deb9u6
2018-12-25 19:59:18 status unpacked base-files:amd64 9.9+deb9u6
2018-12-25 19:59:18 status unpacked base-files:amd64 9.9+deb9u6
2018-12-25 19:59:18 status unpacked base-files:amd64 9.9+deb9u6
2018-12-25 19:59:18 status half-configured base-files:amd64 9.9+deb9u6
2018-12-25 19:59:18 status installed base-files:amd64 9.9+deb9u6
2018-12-25 19:59:18 configure libselinux1:amd64 2.6-3+b3 <none>
2018-12-25 19:59:18 status unpacked libselinux1:amd64 2.6-3+b3
2018-12-25 19:59:18 status half-configured libselinux1:amd64 2.6-3+b3
2018-12-25 19:59:18 status installed libselinux1:amd64 2.6-3+b3
2018-12-25 19:59:18 configure findutils:amd64 4.6.0+git+20161106-2 <none>
2018-12-25 19:59:18 status unpacked findutils:amd64 4.6.0+git+20161106-2
2018-12-25 19:59:18 status half-configured findutils:amd64 4.6.0+git+20161106-2
2018-12-25 19:59:18 status installed findutils:amd64 4.6.0+git+20161106-2
2018-12-25 19:59:18 configure libacl1:amd64 2.2.52-3+b1 <none>
2018-12-25 19:59:18 status unpacked libacl1:amd64 2.2.52-3+b1
2018-12-25 19:59:18 status half-configured libacl1:amd64 2.2.52-3+b1
2018-12-25 19:59:18 status installed libacl1:amd64 2.2.52-3+b1
2018-12-25 19:59:18 configure ncurses-bin:amd64 6.0+20161126-1+deb9u2 <none>
2018-12-25 19:59:18 status unpacked ncurses-bin:amd64 6.0+20161126-1+deb9u2
2018-12-25 19:59:18 status half-configured ncurses-bin:amd64 6.0+20161126-1+deb9u2
2018-12-25 19:59:18 status installed ncurses-bin:amd64 6.0+20161126-1+deb9u2
2018-12-25 19:59:18 configure sed:amd64 4.4-1 <none>
2018-12-25 19:59:18 status unpacked sed:amd64 4.4-1
2018-12-25 19:59:18 status half-configured sed:amd64 4.4-1
2018-12-25 19:59:18 status installed sed:amd64 4.4-1
2018-12-25 19:59:18 configure libsystemd0:amd64 232-25+deb9u6 <none>
2018-12-25 19:59:18 status unpacked libsystemd0:amd64 232-25+deb9u6
2018-12-25 19:59:18 status half-configured libsystemd0:amd64 232-25+deb9u6
2018-12-25 19:59:18 status installed libsystemd0:amd64 232-25+deb9u6
2018-12-25 19:59:18 configure coreutils:amd64 8.26-3 <none>
2018-12-25 19:59:18 status unpacked coreutils:amd64 8.26-3
2018-12-25 19:59:19 status half-configured coreutils:amd64 8.26-3
2018-12-25 19:59:19 status installed coreutils:amd64 8.26-3
2018-12-25 19:59:19 configure tar:amd64 1.29b-1.1 <none>
2018-12-25 19:59:19 status unpacked tar:amd64 1.29b-1.1
2018-12-25 19:59:19 status unpacked tar:amd64 1.29b-1.1
2018-12-25 19:59:19 status half-configured tar:amd64 1.29b-1.1
2018-12-25 19:59:19 status installed tar:amd64 1.29b-1.1
2018-12-25 19:59:19 configure libsemanage1:amd64 2.6-2 <none>
2018-12-25 19:59:19 status unpacked libsemanage1:amd64 2.6-2
2018-12-25 19:59:19 status half-configured libsemanage1:amd64 2.6-2
2018-12-25 19:59:19 status installed libsemanage1:amd64 2.6-2
2018-12-25 19:59:19 configure dpkg:amd64 1.18.25 <none>
2018-12-25 19:59:19 status unpacked dpkg:amd64 1.18.25
2018-12-25 19:59:19 status unpacked dpkg:amd64 1.18.25
2018-12-25 19:59:19 status unpacked dpkg:amd64 1.18.25
2018-12-25 19:59:19 status unpacked dpkg:amd64 1.18.25
2018-12-25 19:59:19 status unpacked dpkg:amd64 1.18.25
2018-12-25 19:59:19 status half-configured dpkg:amd64 1.18.25
2018-12-25 19:59:19 status installed dpkg:amd64 1.18.25
2018-12-25 19:59:19 configure perl-base:amd64 5.24.1-3+deb9u4 <none>
2018-12-25 19:59:19 status unpacked perl-base:amd64 5.24.1-3+deb9u4
2018-12-25 19:59:19 status half-configured perl-base:amd64 5.24.1-3+deb9u4
2018-12-25 19:59:19 status installed perl-base:amd64 5.24.1-3+deb9u4
2018-12-25 19:59:19 configure grep:amd64 2.27-2 <none>
2018-12-25 19:59:19 status unpacked grep:amd64 2.27-2
2018-12-25 19:59:19 status half-configured grep:amd64 2.27-2
2018-12-25 19:59:19 status installed grep:amd64 2.27-2
2018-12-25 19:59:19 configure debconf:all 1.5.61 <none>
2018-12-25 19:59:19 status unpacked debconf:all 1.5.61
2018-12-25 19:59:19 status unpacked debconf:all 1.5.61
2018-12-25 19:59:19 status unpacked debconf:all 1.5.61
2018-12-25 19:59:19 status half-configured debconf:all 1.5.61
2018-12-25 19:59:19 status installed debconf:all 1.5.61
2018-12-25 19:59:19 configure tzdata:all 2018g-0+deb9u1 <none>
2018-12-25 19:59:19 status unpacked tzdata:all 2018g-0+deb9u1
2018-12-25 19:59:20 status half-configured tzdata:all 2018g-0+deb9u1
2018-12-25 19:59:20 status installed tzdata:all 2018g-0+deb9u1
2018-12-25 19:59:20 configure gzip:amd64 1.6-5+b1 <none>
2018-12-25 19:59:20 status unpacked gzip:amd64 1.6-5+b1
2018-12-25 19:59:20 status half-configured gzip:amd64 1.6-5+b1
2018-12-25 19:59:20 status installed gzip:amd64 1.6-5+b1
2018-12-25 19:59:20 configure bsdutils:amd64 1:2.29.2-1+deb9u1 <none>
2018-12-25 19:59:20 status unpacked bsdutils:amd64 1:2.29.2-1+deb9u1
2018-12-25 19:59:20 status half-configured bsdutils:amd64 1:2.29.2-1+deb9u1
2018-12-25 19:59:20 status installed bsdutils:amd64 1:2.29.2-1+deb9u1
2018-12-25 19:59:20 configure dash:amd64 0.5.8-2.4 <none>
2018-12-25 19:59:20 status unpacked dash:amd64 0.5.8-2.4
2018-12-25 19:59:20 status half-configured dash:amd64 0.5.8-2.4
2018-12-25 19:59:20 status installed dash:amd64 0.5.8-2.4
2018-12-25 19:59:20 configure init-system-helpers:all 1.48 <none>
2018-12-25 19:59:20 status unpacked init-system-helpers:all 1.48
2018-12-25 19:59:20 status half-configured init-system-helpers:all 1.48
2018-12-25 19:59:20 status installed init-system-helpers:all 1.48
2018-12-25 19:59:20 configure libpam0g:amd64 1.1.8-3.6 <none>
2018-12-25 19:59:20 status unpacked libpam0g:amd64 1.1.8-3.6
2018-12-25 19:59:20 status half-configured libpam0g:amd64 1.1.8-3.6
2018-12-25 19:59:20 status installed libpam0g:amd64 1.1.8-3.6
2018-12-25 19:59:20 configure libpam-modules-bin:amd64 1.1.8-3.6 <none>
2018-12-25 19:59:20 status unpacked libpam-modules-bin:amd64 1.1.8-3.6
2018-12-25 19:59:20 status half-configured libpam-modules-bin:amd64 1.1.8-3.6
2018-12-25 19:59:20 status installed libpam-modules-bin:amd64 1.1.8-3.6
2018-12-25 19:59:21 configure bash:amd64 4.4-5 <none>
2018-12-25 19:59:21 status unpacked bash:amd64 4.4-5
2018-12-25 19:59:21 status unpacked bash:amd64 4.4-5
2018-12-25 19:59:21 status unpacked bash:amd64 4.4-5
2018-12-25 19:59:21 status unpacked bash:amd64 4.4-5
2018-12-25 19:59:21 status unpacked bash:amd64 4.4-5
2018-12-25 19:59:21 status half-configured bash:amd64 4.4-5
2018-12-25 19:59:21 status installed bash:amd64 4.4-5
2018-12-25 19:59:21 configure libpam-modules:amd64 1.1.8-3.6 <none>
2018-12-25 19:59:21 status unpacked libpam-modules:amd64 1.1.8-3.6
2018-12-25 19:59:21 status unpacked libpam-modules:amd64 1.1.8-3.6
2018-12-25 19:59:21 status unpacked libpam-modules:amd64 1.1.8-3.6
2018-12-25 19:59:21 status unpacked libpam-modules:amd64 1.1.8-3.6
2018-12-25 19:59:21 status unpacked libpam-modules:amd64 1.1.8-3.6
2018-12-25 19:59:21 status unpacked libpam-modules:amd64 1.1.8-3.6
2018-12-25 19:59:21 status unpacked libpam-modules:amd64 1.1.8-3.6
2018-12-25 19:59:21 status unpacked libpam-modules:amd64 1.1.8-3.6
2018-12-25 19:59:21 status unpacked libpam-modules:amd64 1.1.8-3.6
2018-12-25 19:59:21 status half-configured libpam-modules:amd64 1.1.8-3.6
2018-12-25 19:59:21 status installed libpam-modules:amd64 1.1.8-3.6
2018-12-25 19:59:21 configure libpam-runtime:all 1.1.8-3.6 <none>
2018-12-25 19:59:21 status unpacked libpam-runtime:all 1.1.8-3.6
2018-12-25 19:59:21 status unpacked libpam-runtime:all 1.1.8-3.6
2018-12-25 19:59:21 status unpacked libpam-runtime:all 1.1.8-3.6
2018-12-25 19:59:21 status half-configured libpam-runtime:all 1.1.8-3.6
2018-12-25 19:59:21 status installed libpam-runtime:all 1.1.8-3.6
2018-12-25 19:59:22 configure passwd:amd64 1:4.4-4.1 <none>
2018-12-25 19:59:22 status unpacked passwd:amd64 1:4.4-4.1
2018-12-25 19:59:22 status unpacked passwd:amd64 1:4.4-4.1
2018-12-25 19:59:22 status unpacked passwd:amd64 1:4.4-4.1
2018-12-25 19:59:22 status unpacked passwd:amd64 1:4.4-4.1
2018-12-25 19:59:22 status unpacked passwd:amd64 1:4.4-4.1
2018-12-25 19:59:22 status unpacked passwd:amd64 1:4.4-4.1
2018-12-25 19:59:22 status unpacked passwd:amd64 1:4.4-4.1
2018-12-25 19:59:22 status unpacked passwd:amd64 1:4.4-4.1
2018-12-25 19:59:22 status half-configured passwd:amd64 1:4.4-4.1
2018-12-25 19:59:22 status installed passwd:amd64 1:4.4-4.1
2018-12-25 19:59:22 configure login:amd64 1:4.4-4.1 <none>
2018-12-25 19:59:22 status unpacked login:amd64 1:4.4-4.1
2018-12-25 19:59:22 status unpacked login:amd64 1:4.4-4.1
2018-12-25 19:59:22 status unpacked login:amd64 1:4.4-4.1
2018-12-25 19:59:22 status unpacked login:amd64 1:4.4-4.1
2018-12-25 19:59:22 status unpacked login:amd64 1:4.4-4.1
2018-12-25 19:59:22 status half-configured login:amd64 1:4.4-4.1
2018-12-25 19:59:22 status installed login:amd64 1:4.4-4.1
2018-12-25 19:59:22 configure libuuid1:amd64 2.29.2-1+deb9u1 <none>
2018-12-25 19:59:22 status unpacked libuuid1:amd64 2.29.2-1+deb9u1
2018-12-25 19:59:22 status half-configured libuuid1:amd64 2.29.2-1+deb9u1
2018-12-25 19:59:22 status installed libuuid1:amd64 2.29.2-1+deb9u1
2018-12-25 19:59:22 configure libblkid1:amd64 2.29.2-1+deb9u1 <none>
2018-12-25 19:59:22 status unpacked libblkid1:amd64 2.29.2-1+deb9u1
2018-12-25 19:59:22 status half-configured libblkid1:amd64 2.29.2-1+deb9u1
2018-12-25 19:59:22 status installed libblkid1:amd64 2.29.2-1+deb9u1
2018-12-25 19:59:22 configure libmount1:amd64 2.29.2-1+deb9u1 <none>
2018-12-25 19:59:22 status unpacked libmount1:amd64 2.29.2-1+deb9u1
2018-12-25 19:59:22 status half-configured libmount1:amd64 2.29.2-1+deb9u1
2018-12-25 19:59:22 status installed libmount1:amd64 2.29.2-1+deb9u1
2018-12-25 19:59:22 configure mount:amd64 2.29.2-1+deb9u1 <none>
2018-12-25 19:59:22 status unpacked mount:amd64 2.29.2-1+deb9u1
2018-12-25 19:59:22 status half-configured mount:amd64 2.29.2-1+deb9u1
2018-12-25 19:59:22 status installed mount:amd64 2.29.2-1+deb9u1
2018-12-25 19:59:22 configure libfdisk1:amd64 2.29.2-1+deb9u1 <none>
2018-12-25 19:59:22 status unpacked libfdisk1:amd64 2.29.2-1+deb9u1
2018-12-25 19:59:23 status half-configured libfdisk1:amd64 2.29.2-1+deb9u1
2018-12-25 19:59:23 status installed libfdisk1:amd64 2.29.2-1+deb9u1
2018-12-25 19:59:23 configure util-linux:amd64 2.29.2-1+deb9u1 <none>
2018-12-25 19:59:23 status unpacked util-linux:amd64 2.29.2-1+deb9u1
2018-12-25 19:59:23 status unpacked util-linux:amd64 2.29.2-1+deb9u1
2018-12-25 19:59:23 status unpacked util-linux:amd64 2.29.2-1+deb9u1
2018-12-25 19:59:23 status unpacked util-linux:amd64 2.29.2-1+deb9u1
2018-12-25 19:59:23 status unpacked util-linux:amd64 2.29.2-1+deb9u1
2018-12-25 19:59:23 status half-configured util-linux:amd64 2.29.2-1+deb9u1
2018-12-25 19:59:23 status installed util-linux:amd64 2.29.2-1+deb9u1
2018-12-25 19:59:23 configure e2fsprogs:amd64 1.43.4-2 <none>
2018-12-25 19:59:23 status unpacked e2fsprogs:amd64 1.43.4-2
2018-12-25 19:59:23 status unpacked e2fsprogs:amd64 1.43.4-2
2018-12-25 19:59:23 status half-configured e2fsprogs:amd64 1.43.4-2
2018-12-25 19:59:23 status installed e2fsprogs:amd64 1.43.4-2
2018-12-25 19:59:23 configure sysvinit-utils:amd64 2.88dsf-59.9 <none>
2018-12-25 19:59:23 status unpacked sysvinit-utils:amd64 2.88dsf-59.9
2018-12-25 19:59:23 status half-configured sysvinit-utils:amd64 2.88dsf-59.9
2018-12-25 19:59:23 status installed sysvinit-utils:amd64 2.88dsf-59.9
2018-12-25 19:59:23 trigproc libc-bin:amd64 2.24-11+deb9u3 <none>
2018-12-25 19:59:23 status half-configured libc-bin:amd64 2.24-11+deb9u3
2018-12-25 19:59:23 status installed libc-bin:amd64 2.24-11+deb9u3
2018-12-25 19:59:24 startup archives unpack
2018-12-25 19:59:24 install adduser:all <none> 3.115
2018-12-25 19:59:24 status half-installed adduser:all 3.115
2018-12-25 19:59:25 status unpacked adduser:all 3.115
2018-12-25 19:59:25 status unpacked adduser:all 3.115
2018-12-25 19:59:25 install apt:amd64 <none> 1.4.8
2018-12-25 19:59:25 status triggers-pending libc-bin:amd64 2.24-11+deb9u3
2018-12-25 19:59:25 status half-installed apt:amd64 1.4.8
2018-12-25 19:59:26 status unpacked apt:amd64 1.4.8
2018-12-25 19:59:26 status unpacked apt:amd64 1.4.8
2018-12-25 19:59:26 install libapt-pkg5.0:amd64 <none> 1.4.8
2018-12-25 19:59:26 status half-installed libapt-pkg5.0:amd64 1.4.8
2018-12-25 19:59:27 status unpacked libapt-pkg5.0:amd64 1.4.8
2018-12-25 19:59:27 status unpacked libapt-pkg5.0:amd64 1.4.8
2018-12-25 19:59:27 install debian-archive-keyring:all <none> 2017.5
2018-12-25 19:59:27 status half-installed debian-archive-keyring:all 2017.5
2018-12-25 19:59:27 status unpacked debian-archive-keyring:all 2017.5
2018-12-25 19:59:27 status unpacked debian-archive-keyring:all 2017.5
2018-12-25 19:59:27 install libstdc++6:amd64 <none> 6.3.0-18+deb9u1
2018-12-25 19:59:27 status half-installed libstdc++6:amd64 6.3.0-18+deb9u1
2018-12-25 19:59:27 status unpacked libstdc++6:amd64 6.3.0-18+deb9u1
2018-12-25 19:59:27 status unpacked libstdc++6:amd64 6.3.0-18+deb9u1
2018-12-25 19:59:28 install gpgv:amd64 <none> 2.1.18-8~deb9u3
2018-12-25 19:59:28 status half-installed gpgv:amd64 2.1.18-8~deb9u3
2018-12-25 19:59:28 status unpacked gpgv:amd64 2.1.18-8~deb9u3
2018-12-25 19:59:28 status unpacked gpgv:amd64 2.1.18-8~deb9u3
2018-12-25 19:59:28 trigproc libc-bin:amd64 2.24-11+deb9u3 <none>
2018-12-25 19:59:28 status half-configured libc-bin:amd64 2.24-11+deb9u3
2018-12-25 19:59:28 status installed libc-bin:amd64 2.24-11+deb9u3
2018-12-25 19:59:28 startup packages configure
2018-12-25 19:59:28 configure gpgv:amd64 2.1.18-8~deb9u3 <none>
2018-12-25 19:59:28 status unpacked gpgv:amd64 2.1.18-8~deb9u3
2018-12-25 19:59:28 status half-configured gpgv:amd64 2.1.18-8~deb9u3
2018-12-25 19:59:28 status installed gpgv:amd64 2.1.18-8~deb9u3
2018-12-25 19:59:28 configure debian-archive-keyring:all 2017.5 <none>
2018-12-25 19:59:28 status unpacked debian-archive-keyring:all 2017.5
2018-12-25 19:59:28 status unpacked debian-archive-keyring:all 2017.5
2018-12-25 19:59:28 status unpacked debian-archive-keyring:all 2017.5
2018-12-25 19:59:28 status unpacked debian-archive-keyring:all 2017.5
2018-12-25 19:59:28 status unpacked debian-archive-keyring:all 2017.5
2018-12-25 19:59:28 status unpacked debian-archive-keyring:all 2017.5
2018-12-25 19:59:28 status unpacked debian-archive-keyring:all 2017.5
2018-12-25 19:59:28 status unpacked debian-archive-keyring:all 2017.5
2018-12-25 19:59:28 status unpacked debian-archive-keyring:all 2017.5
2018-12-25 19:59:28 status half-configured debian-archive-keyring:all 2017.5
2018-12-25 19:59:28 status installed debian-archive-keyring:all 2017.5
2018-12-25 19:59:28 configure libstdc++6:amd64 6.3.0-18+deb9u1 <none>
2018-12-25 19:59:28 status triggers-pending libc-bin:amd64 2.24-11+deb9u3
2018-12-25 19:59:28 status unpacked libstdc++6:amd64 6.3.0-18+deb9u1
2018-12-25 19:59:28 status half-configured libstdc++6:amd64 6.3.0-18+deb9u1
2018-12-25 19:59:28 status installed libstdc++6:amd64 6.3.0-18+deb9u1
2018-12-25 19:59:28 configure adduser:all 3.115 <none>
2018-12-25 19:59:28 status unpacked adduser:all 3.115
2018-12-25 19:59:28 status unpacked adduser:all 3.115
2018-12-25 19:59:28 status half-configured adduser:all 3.115
2018-12-25 19:59:29 status installed adduser:all 3.115
2018-12-25 19:59:29 configure libapt-pkg5.0:amd64 1.4.8 <none>
2018-12-25 19:59:29 status unpacked libapt-pkg5.0:amd64 1.4.8
2018-12-25 19:59:29 status half-configured libapt-pkg5.0:amd64 1.4.8
2018-12-25 19:59:29 status installed libapt-pkg5.0:amd64 1.4.8
2018-12-25 19:59:29 configure apt:amd64 1.4.8 <none>
2018-12-25 19:59:29 status unpacked apt:amd64 1.4.8
2018-12-25 19:59:29 status unpacked apt:amd64 1.4.8
2018-12-25 19:59:29 status unpacked apt:amd64 1.4.8
2018-12-25 19:59:29 status unpacked apt:amd64 1.4.8
2018-12-25 19:59:29 status unpacked apt:amd64 1.4.8
2018-12-25 19:59:29 status half-configured apt:amd64 1.4.8
2018-12-25 19:59:29 status installed apt:amd64 1.4.8
2018-12-25 19:59:29 trigproc libc-bin:amd64 2.24-11+deb9u3 <none>
2018-12-25 19:59:29 status half-configured libc-bin:amd64 2.24-11+deb9u3
2018-12-25 19:59:29 status installed libc-bin:amd64 2.24-11+deb9u3
2018-12-25 20:26:16 startup archives unpack
2018-12-25 20:26:16 install cron:amd64 <none> 3.0pl1-128+deb9u1
2018-12-25 20:26:16 status half-installed cron:amd64 3.0pl1-128+deb9u1
2018-12-25 20:26:16 status unpacked cron:amd64 3.0pl1-128+deb9u1
2018-12-25 20:26:16 status unpacked cron:amd64 3.0pl1-128+deb9u1
2018-12-25 20:26:16 install libpopt0:amd64 <none> 1.16-10+b2
2018-12-25 20:26:16 status triggers-pending libc-bin:amd64 2.24-11+deb9u3
2018-12-25 20:26:16 status half-installed libpopt0:amd64 1.16-10+b2
2018-12-25 20:26:16 status unpacked libpopt0:amd64 1.16-10+b2
2018-12-25 20:26:16 status unpacked libpopt0:amd64 1.16-10+b2
2018-12-25 20:26:17 install readline-common:all <none> 7.0-3
2018-12-25 20:26:17 status half-installed readline-common:all 7.0-3
2018-12-25 20:26:17 status unpacked readline-common:all 7.0-3
2018-12-25 20:26:17 status unpacked readline-common:all 7.0-3
2018-12-25 20:26:17 install libreadline7:amd64 <none> 7.0-3
2018-12-25 20:26:17 status half-installed libreadline7:amd64 7.0-3
2018-12-25 20:26:17 status unpacked libreadline7:amd64 7.0-3
2018-12-25 20:26:17 status unpacked libreadline7:amd64 7.0-3
2018-12-25 20:26:17 install libssl1.1:amd64 <none> 1.1.0f-3+deb9u2
2018-12-25 20:26:17 status half-installed libssl1.1:amd64 1.1.0f-3+deb9u2
2018-12-25 20:26:17 status unpacked libssl1.1:amd64 1.1.0f-3+deb9u2
2018-12-25 20:26:17 status unpacked libssl1.1:amd64 1.1.0f-3+deb9u2
2018-12-25 20:26:17 install logrotate:amd64 <none> 3.11.0-0.1
2018-12-25 20:26:17 status half-installed logrotate:amd64 3.11.0-0.1
2018-12-25 20:26:18 status unpacked logrotate:amd64 3.11.0-0.1
2018-12-25 20:26:18 status unpacked logrotate:amd64 3.11.0-0.1
2018-12-25 20:26:18 install netbase:all <none> 5.4
2018-12-25 20:26:18 status half-installed netbase:all 5.4
2018-12-25 20:26:18 status unpacked netbase:all 5.4
2018-12-25 20:26:18 status unpacked netbase:all 5.4
2018-12-25 20:26:18 install bzip2:amd64 <none> 1.0.6-8.1
2018-12-25 20:26:18 status half-installed bzip2:amd64 1.0.6-8.1
2018-12-25 20:26:18 status unpacked bzip2:amd64 1.0.6-8.1
2018-12-25 20:26:18 status unpacked bzip2:amd64 1.0.6-8.1
2018-12-25 20:26:18 install libmagic-mgc:amd64 <none> 1:5.30-1+deb9u2
2018-12-25 20:26:18 status half-installed libmagic-mgc:amd64 1:5.30-1+deb9u2
2018-12-25 20:26:18 status unpacked libmagic-mgc:amd64 1:5.30-1+deb9u2
2018-12-25 20:26:18 status unpacked libmagic-mgc:amd64 1:5.30-1+deb9u2
2018-12-25 20:26:18 install libmagic1:amd64 <none> 1:5.30-1+deb9u2
2018-12-25 20:26:18 status half-installed libmagic1:amd64 1:5.30-1+deb9u2
2018-12-25 20:26:19 status unpacked libmagic1:amd64 1:5.30-1+deb9u2
2018-12-25 20:26:19 status unpacked libmagic1:amd64 1:5.30-1+deb9u2
2018-12-25 20:26:19 install file:amd64 <none> 1:5.30-1+deb9u2
2018-12-25 20:26:19 status half-installed file:amd64 1:5.30-1+deb9u2
2018-12-25 20:26:19 status unpacked file:amd64 1:5.30-1+deb9u2
2018-12-25 20:26:19 status unpacked file:amd64 1:5.30-1+deb9u2
2018-12-25 20:26:19 install krb5-locales:all <none> 1.15-1+deb9u1
2018-12-25 20:26:19 status half-installed krb5-locales:all 1.15-1+deb9u1
2018-12-25 20:26:19 status unpacked krb5-locales:all 1.15-1+deb9u1
2018-12-25 20:26:19 status unpacked krb5-locales:all 1.15-1+deb9u1
2018-12-25 20:26:19 install libgc1c2:amd64 <none> 1:7.4.2-8
2018-12-25 20:26:19 status half-installed libgc1c2:amd64 1:7.4.2-8
2018-12-25 20:26:19 status unpacked libgc1c2:amd64 1:7.4.2-8
2018-12-25 20:26:19 status unpacked libgc1c2:amd64 1:7.4.2-8
2018-12-25 20:26:19 install libgmp10:amd64 <none> 2:6.1.2+dfsg-1
2018-12-25 20:26:19 status half-installed libgmp10:amd64 2:6.1.2+dfsg-1
2018-12-25 20:26:20 status unpacked libgmp10:amd64 2:6.1.2+dfsg-1
2018-12-25 20:26:20 status unpacked libgmp10:amd64 2:6.1.2+dfsg-1
2018-12-25 20:26:20 install libnettle6:amd64 <none> 3.3-1+b2
2018-12-25 20:26:20 status half-installed libnettle6:amd64 3.3-1+b2
2018-12-25 20:26:20 status unpacked libnettle6:amd64 3.3-1+b2
2018-12-25 20:26:20 status unpacked libnettle6:amd64 3.3-1+b2
2018-12-25 20:26:20 install libhogweed4:amd64 <none> 3.3-1+b2
2018-12-25 20:26:20 status half-installed libhogweed4:amd64 3.3-1+b2
2018-12-25 20:26:20 status unpacked libhogweed4:amd64 3.3-1+b2
2018-12-25 20:26:20 status unpacked libhogweed4:amd64 3.3-1+b2
2018-12-25 20:26:20 install libidn11:amd64 <none> 1.33-1
2018-12-25 20:26:20 status half-installed libidn11:amd64 1.33-1
2018-12-25 20:26:20 status unpacked libidn11:amd64 1.33-1
2018-12-25 20:26:20 status unpacked libidn11:amd64 1.33-1
2018-12-25 20:26:20 install libffi6:amd64 <none> 3.2.1-6
2018-12-25 20:26:20 status half-installed libffi6:amd64 3.2.1-6
2018-12-25 20:26:21 status unpacked libffi6:amd64 3.2.1-6
2018-12-25 20:26:21 status unpacked libffi6:amd64 3.2.1-6
2018-12-25 20:26:21 install libp11-kit0:amd64 <none> 0.23.3-2
2018-12-25 20:26:21 status half-installed libp11-kit0:amd64 0.23.3-2
2018-12-25 20:26:21 status unpacked libp11-kit0:amd64 0.23.3-2
2018-12-25 20:26:21 status unpacked libp11-kit0:amd64 0.23.3-2
2018-12-25 20:26:21 install libtasn1-6:amd64 <none> 4.10-1.1+deb9u1
2018-12-25 20:26:21 status half-installed libtasn1-6:amd64 4.10-1.1+deb9u1
2018-12-25 20:26:21 status unpacked libtasn1-6:amd64 4.10-1.1+deb9u1
2018-12-25 20:26:21 status unpacked libtasn1-6:amd64 4.10-1.1+deb9u1
2018-12-25 20:26:21 install libgnutls30:amd64 <none> 3.5.8-5+deb9u4
2018-12-25 20:26:21 status half-installed libgnutls30:amd64 3.5.8-5+deb9u4
2018-12-25 20:26:22 status unpacked libgnutls30:amd64 3.5.8-5+deb9u4
2018-12-25 20:26:22 status unpacked libgnutls30:amd64 3.5.8-5+deb9u4
2018-12-25 20:26:22 install libgpm2:amd64 <none> 1.20.4-6.2+b1
2018-12-25 20:26:22 status half-installed libgpm2:amd64 1.20.4-6.2+b1
2018-12-25 20:26:22 status unpacked libgpm2:amd64 1.20.4-6.2+b1
2018-12-25 20:26:22 status unpacked libgpm2:amd64 1.20.4-6.2+b1
2018-12-25 20:26:22 install libkeyutils1:amd64 <none> 1.5.9-9
2018-12-25 20:26:22 status half-installed libkeyutils1:amd64 1.5.9-9
2018-12-25 20:26:22 status unpacked libkeyutils1:amd64 1.5.9-9
2018-12-25 20:26:22 status unpacked libkeyutils1:amd64 1.5.9-9
2018-12-25 20:26:22 install libkrb5support0:amd64 <none> 1.15-1+deb9u1
2018-12-25 20:26:22 status half-installed libkrb5support0:amd64 1.15-1+deb9u1
2018-12-25 20:26:22 status unpacked libkrb5support0:amd64 1.15-1+deb9u1
2018-12-25 20:26:22 status unpacked libkrb5support0:amd64 1.15-1+deb9u1
2018-12-25 20:26:22 install libk5crypto3:amd64 <none> 1.15-1+deb9u1
2018-12-25 20:26:22 status half-installed libk5crypto3:amd64 1.15-1+deb9u1
2018-12-25 20:26:22 status unpacked libk5crypto3:amd64 1.15-1+deb9u1
2018-12-25 20:26:23 status unpacked libk5crypto3:amd64 1.15-1+deb9u1
2018-12-25 20:26:23 install libkrb5-3:amd64 <none> 1.15-1+deb9u1
2018-12-25 20:26:23 status half-installed libkrb5-3:amd64 1.15-1+deb9u1
2018-12-25 20:26:23 status unpacked libkrb5-3:amd64 1.15-1+deb9u1
2018-12-25 20:26:23 status unpacked libkrb5-3:amd64 1.15-1+deb9u1
2018-12-25 20:26:23 install libgssapi-krb5-2:amd64 <none> 1.15-1+deb9u1
2018-12-25 20:26:23 status half-installed libgssapi-krb5-2:amd64 1.15-1+deb9u1
2018-12-25 20:26:23 status unpacked libgssapi-krb5-2:amd64 1.15-1+deb9u1
2018-12-25 20:26:23 status unpacked libgssapi-krb5-2:amd64 1.15-1+deb9u1
2018-12-25 20:26:23 install libsasl2-modules-db:amd64 <none> 2.1.27~101-g0780600+dfsg-3
2018-12-25 20:26:23 status half-installed libsasl2-modules-db:amd64 2.1.27~101-g0780600+dfsg-3
2018-12-25 20:26:23 status unpacked libsasl2-modules-db:amd64 2.1.27~101-g0780600+dfsg-3
2018-12-25 20:26:23 status unpacked libsasl2-modules-db:amd64 2.1.27~101-g0780600+dfsg-3
2018-12-25 20:26:23 install libsasl2-2:amd64 <none> 2.1.27~101-g0780600+dfsg-3
2018-12-25 20:26:23 status half-installed libsasl2-2:amd64 2.1.27~101-g0780600+dfsg-3
2018-12-25 20:26:24 status unpacked libsasl2-2:amd64 2.1.27~101-g0780600+dfsg-3
2018-12-25 20:26:24 status unpacked libsasl2-2:amd64 2.1.27~101-g0780600+dfsg-3
2018-12-25 20:26:24 install libldap-common:all <none> 2.4.44+dfsg-5+deb9u2
2018-12-25 20:26:24 status half-installed libldap-common:all 2.4.44+dfsg-5+deb9u2
2018-12-25 20:26:24 status unpacked libldap-common:all 2.4.44+dfsg-5+deb9u2
2018-12-25 20:26:24 status unpacked libldap-common:all 2.4.44+dfsg-5+deb9u2
2018-12-25 20:26:24 install libldap-2.4-2:amd64 <none> 2.4.44+dfsg-5+deb9u2
2018-12-25 20:26:24 status half-installed libldap-2.4-2:amd64 2.4.44+dfsg-5+deb9u2
2018-12-25 20:26:24 status unpacked libldap-2.4-2:amd64 2.4.44+dfsg-5+deb9u2
2018-12-25 20:26:24 status unpacked libldap-2.4-2:amd64 2.4.44+dfsg-5+deb9u2
2018-12-25 20:26:24 install libsqlite3-0:amd64 <none> 3.16.2-5+deb9u1
2018-12-25 20:26:24 status half-installed libsqlite3-0:amd64 3.16.2-5+deb9u1
2018-12-25 20:26:24 status unpacked libsqlite3-0:amd64 3.16.2-5+deb9u1
2018-12-25 20:26:24 status unpacked libsqlite3-0:amd64 3.16.2-5+deb9u1
2018-12-25 20:26:24 install libwrap0:amd64 <none> 7.6.q-26
2018-12-25 20:26:24 status half-installed libwrap0:amd64 7.6.q-26
2018-12-25 20:26:25 status unpacked libwrap0:amd64 7.6.q-26
2018-12-25 20:26:25 status unpacked libwrap0:amd64 7.6.q-26
2018-12-25 20:26:25 install mime-support:all <none> 3.60
2018-12-25 20:26:25 status half-installed mime-support:all 3.60
2018-12-25 20:26:25 status unpacked mime-support:all 3.60
2018-12-25 20:26:25 status unpacked mime-support:all 3.60
2018-12-25 20:26:25 install xz-utils:amd64 <none> 5.2.2-1.2+b1
2018-12-25 20:26:25 status half-installed xz-utils:amd64 5.2.2-1.2+b1
2018-12-25 20:26:25 status unpacked xz-utils:amd64 5.2.2-1.2+b1
2018-12-25 20:26:25 status unpacked xz-utils:amd64 5.2.2-1.2+b1
2018-12-25 20:26:25 install exim4-config:all <none> 4.89-2+deb9u3
2018-12-25 20:26:25 status half-installed exim4-config:all 4.89-2+deb9u3
2018-12-25 20:26:26 status unpacked exim4-config:all 4.89-2+deb9u3
2018-12-25 20:26:26 status unpacked exim4-config:all 4.89-2+deb9u3
2018-12-25 20:26:26 install exim4-base:amd64 <none> 4.89-2+deb9u3
2018-12-25 20:26:26 status half-installed exim4-base:amd64 4.89-2+deb9u3
2018-12-25 20:26:27 status unpacked exim4-base:amd64 4.89-2+deb9u3
2018-12-25 20:26:27 status unpacked exim4-base:amd64 4.89-2+deb9u3
2018-12-25 20:26:27 install exim4-daemon-light:amd64 <none> 4.89-2+deb9u3
2018-12-25 20:26:27 status half-installed exim4-daemon-light:amd64 4.89-2+deb9u3
2018-12-25 20:26:27 status unpacked exim4-daemon-light:amd64 4.89-2+deb9u3
2018-12-25 20:26:27 status unpacked exim4-daemon-light:amd64 4.89-2+deb9u3
2018-12-25 20:26:27 install exim4:all <none> 4.89-2+deb9u3
2018-12-25 20:26:27 status half-installed exim4:all 4.89-2+deb9u3
2018-12-25 20:26:27 status unpacked exim4:all 4.89-2+deb9u3
2018-12-25 20:26:27 status unpacked exim4:all 4.89-2+deb9u3
2018-12-25 20:26:27 install libltdl7:amd64 <none> 2.4.6-2
2018-12-25 20:26:27 status half-installed libltdl7:amd64 2.4.6-2
2018-12-25 20:26:27 status unpacked libltdl7:amd64 2.4.6-2
2018-12-25 20:26:27 status unpacked libltdl7:amd64 2.4.6-2
2018-12-25 20:26:27 install libncurses5:amd64 <none> 6.0+20161126-1+deb9u2
2018-12-25 20:26:27 status half-installed libncurses5:amd64 6.0+20161126-1+deb9u2
2018-12-25 20:26:28 status unpacked libncurses5:amd64 6.0+20161126-1+deb9u2
2018-12-25 20:26:28 status unpacked libncurses5:amd64 6.0+20161126-1+deb9u2
2018-12-25 20:26:28 install libunistring0:amd64 <none> 0.9.6+really0.9.3-0.1
2018-12-25 20:26:28 status half-installed libunistring0:amd64 0.9.6+really0.9.3-0.1
2018-12-25 20:26:28 status unpacked libunistring0:amd64 0.9.6+really0.9.3-0.1
2018-12-25 20:26:28 status unpacked libunistring0:amd64 0.9.6+really0.9.3-0.1
2018-12-25 20:26:28 install guile-2.0-libs:amd64 <none> 2.0.13+1-4
2018-12-25 20:26:28 status half-installed guile-2.0-libs:amd64 2.0.13+1-4
2018-12-25 20:26:32 status unpacked guile-2.0-libs:amd64 2.0.13+1-4
2018-12-25 20:26:32 status unpacked guile-2.0-libs:amd64 2.0.13+1-4
2018-12-25 20:26:32 install libexpat1:amd64 <none> 2.2.0-2+deb9u1
2018-12-25 20:26:32 status half-installed libexpat1:amd64 2.2.0-2+deb9u1
2018-12-25 20:26:32 status unpacked libexpat1:amd64 2.2.0-2+deb9u1
2018-12-25 20:26:32 status unpacked libexpat1:amd64 2.2.0-2+deb9u1
2018-12-25 20:26:33 install libfribidi0:amd64 <none> 0.19.7-1+b1
2018-12-25 20:26:33 status half-installed libfribidi0:amd64 0.19.7-1+b1
2018-12-25 20:26:33 status unpacked libfribidi0:amd64 0.19.7-1+b1
2018-12-25 20:26:33 status unpacked libfribidi0:amd64 0.19.7-1+b1
2018-12-25 20:26:33 install libntlm0:amd64 <none> 1.4-8
2018-12-25 20:26:33 status half-installed libntlm0:amd64 1.4-8
2018-12-25 20:26:33 status unpacked libntlm0:amd64 1.4-8
2018-12-25 20:26:33 status unpacked libntlm0:amd64 1.4-8
2018-12-25 20:26:33 install libgsasl7:amd64 <none> 1.8.0-8+b2
2018-12-25 20:26:33 status half-installed libgsasl7:amd64 1.8.0-8+b2
2018-12-25 20:26:33 status unpacked libgsasl7:amd64 1.8.0-8+b2
2018-12-25 20:26:33 status unpacked libgsasl7:amd64 1.8.0-8+b2
2018-12-25 20:26:34 install liblzo2-2:amd64 <none> 2.08-1.2+b2
2018-12-25 20:26:34 status half-installed liblzo2-2:amd64 2.08-1.2+b2
2018-12-25 20:26:34 status unpacked liblzo2-2:amd64 2.08-1.2+b2
2018-12-25 20:26:34 status unpacked liblzo2-2:amd64 2.08-1.2+b2
2018-12-25 20:26:34 install libkyotocabinet16v5:amd64 <none> 1.2.76-4.2+b1
2018-12-25 20:26:34 status half-installed libkyotocabinet16v5:amd64 1.2.76-4.2+b1
2018-12-25 20:26:34 status unpacked libkyotocabinet16v5:amd64 1.2.76-4.2+b1
2018-12-25 20:26:34 status unpacked libkyotocabinet16v5:amd64 1.2.76-4.2+b1
2018-12-25 20:26:34 install mailutils-common:all <none> 1:3.1.1-1
2018-12-25 20:26:34 status half-installed mailutils-common:all 1:3.1.1-1
2018-12-25 20:26:34 status unpacked mailutils-common:all 1:3.1.1-1
2018-12-25 20:26:34 status unpacked mailutils-common:all 1:3.1.1-1
2018-12-25 20:26:34 install mysql-common:all <none> 5.8+1.0.2
2018-12-25 20:26:34 status half-installed mysql-common:all 5.8+1.0.2
2018-12-25 20:26:35 status unpacked mysql-common:all 5.8+1.0.2
2018-12-25 20:26:35 status unpacked mysql-common:all 5.8+1.0.2
2018-12-25 20:26:35 install libmariadbclient18:amd64 <none> 10.1.26-0+deb9u1
2018-12-25 20:26:35 status half-installed libmariadbclient18:amd64 10.1.26-0+deb9u1
2018-12-25 20:26:35 status unpacked libmariadbclient18:amd64 10.1.26-0+deb9u1
2018-12-25 20:26:35 status unpacked libmariadbclient18:amd64 10.1.26-0+deb9u1
2018-12-25 20:26:35 install libpython2.7-minimal:amd64 <none> 2.7.13-2+deb9u3
2018-12-25 20:26:35 status half-installed libpython2.7-minimal:amd64 2.7.13-2+deb9u3
2018-12-25 20:26:37 status unpacked libpython2.7-minimal:amd64 2.7.13-2+deb9u3
2018-12-25 20:26:37 status unpacked libpython2.7-minimal:amd64 2.7.13-2+deb9u3
2018-12-25 20:26:37 install libpython2.7-stdlib:amd64 <none> 2.7.13-2+deb9u3
2018-12-25 20:26:37 status half-installed libpython2.7-stdlib:amd64 2.7.13-2+deb9u3
2018-12-25 20:26:40 status unpacked libpython2.7-stdlib:amd64 2.7.13-2+deb9u3
2018-12-25 20:26:40 status unpacked libpython2.7-stdlib:amd64 2.7.13-2+deb9u3
2018-12-25 20:26:40 install libpython2.7:amd64 <none> 2.7.13-2+deb9u3
2018-12-25 20:26:40 status half-installed libpython2.7:amd64 2.7.13-2+deb9u3
2018-12-25 20:26:40 status unpacked libpython2.7:amd64 2.7.13-2+deb9u3
2018-12-25 20:26:41 status unpacked libpython2.7:amd64 2.7.13-2+deb9u3
2018-12-25 20:26:41 install libmailutils5:amd64 <none> 1:3.1.1-1
2018-12-25 20:26:41 status half-installed libmailutils5:amd64 1:3.1.1-1
2018-12-25 20:26:41 status unpacked libmailutils5:amd64 1:3.1.1-1
2018-12-25 20:26:41 status unpacked libmailutils5:amd64 1:3.1.1-1
2018-12-25 20:26:41 install libsasl2-modules:amd64 <none> 2.1.27~101-g0780600+dfsg-3
2018-12-25 20:26:41 status half-installed libsasl2-modules:amd64 2.1.27~101-g0780600+dfsg-3
2018-12-25 20:26:41 status unpacked libsasl2-modules:amd64 2.1.27~101-g0780600+dfsg-3
2018-12-25 20:26:41 status unpacked libsasl2-modules:amd64 2.1.27~101-g0780600+dfsg-3
2018-12-25 20:26:41 install mailutils:amd64 <none> 1:3.1.1-1
2018-12-25 20:26:41 status half-installed mailutils:amd64 1:3.1.1-1
2018-12-25 20:26:42 status unpacked mailutils:amd64 1:3.1.1-1
2018-12-25 20:26:42 status unpacked mailutils:amd64 1:3.1.1-1
2018-12-25 20:26:42 install psmisc:amd64 <none> 22.21-2.1+b2
2018-12-25 20:26:42 status half-installed psmisc:amd64 22.21-2.1+b2
2018-12-25 20:26:42 status unpacked psmisc:amd64 22.21-2.1+b2
2018-12-25 20:26:42 status unpacked psmisc:amd64 22.21-2.1+b2
2018-12-25 20:26:42 install tcpd:amd64 <none> 7.6.q-26
2018-12-25 20:26:42 status half-installed tcpd:amd64 7.6.q-26
2018-12-25 20:26:42 status unpacked tcpd:amd64 7.6.q-26
2018-12-25 20:26:42 status unpacked tcpd:amd64 7.6.q-26
2018-12-25 20:26:42 startup packages configure
2018-12-25 20:26:42 configure libncurses5:amd64 6.0+20161126-1+deb9u2 <none>
2018-12-25 20:26:42 status unpacked libncurses5:amd64 6.0+20161126-1+deb9u2
2018-12-25 20:26:42 status half-configured libncurses5:amd64 6.0+20161126-1+deb9u2
2018-12-25 20:26:43 status installed libncurses5:amd64 6.0+20161126-1+deb9u2
2018-12-25 20:26:43 configure readline-common:all 7.0-3 <none>
2018-12-25 20:26:43 status unpacked readline-common:all 7.0-3
2018-12-25 20:26:43 status half-configured readline-common:all 7.0-3
2018-12-25 20:26:43 status installed readline-common:all 7.0-3
2018-12-25 20:26:43 configure libnettle6:amd64 3.3-1+b2 <none>
2018-12-25 20:26:43 status unpacked libnettle6:amd64 3.3-1+b2
2018-12-25 20:26:43 status half-configured libnettle6:amd64 3.3-1+b2
2018-12-25 20:26:43 status installed libnettle6:amd64 3.3-1+b2
2018-12-25 20:26:43 configure libpopt0:amd64 1.16-10+b2 <none>
2018-12-25 20:26:43 status unpacked libpopt0:amd64 1.16-10+b2
2018-12-25 20:26:43 status half-configured libpopt0:amd64 1.16-10+b2
2018-12-25 20:26:43 status installed libpopt0:amd64 1.16-10+b2
2018-12-25 20:26:43 configure libexpat1:amd64 2.2.0-2+deb9u1 <none>
2018-12-25 20:26:43 status unpacked libexpat1:amd64 2.2.0-2+deb9u1
2018-12-25 20:26:43 status half-configured libexpat1:amd64 2.2.0-2+deb9u1
2018-12-25 20:26:43 status installed libexpat1:amd64 2.2.0-2+deb9u1
2018-12-25 20:26:43 configure psmisc:amd64 22.21-2.1+b2 <none>
2018-12-25 20:26:43 status unpacked psmisc:amd64 22.21-2.1+b2
2018-12-25 20:26:43 status half-configured psmisc:amd64 22.21-2.1+b2
2018-12-25 20:26:43 status installed psmisc:amd64 22.21-2.1+b2
2018-12-25 20:26:43 configure exim4-config:all 4.89-2+deb9u3 <none>
2018-12-25 20:26:43 status unpacked exim4-config:all 4.89-2+deb9u3
2018-12-25 20:26:43 status unpacked exim4-config:all 4.89-2+deb9u3
2018-12-25 20:26:43 status unpacked exim4-config:all 4.89-2+deb9u3
2018-12-25 20:26:43 status unpacked exim4-config:all 4.89-2+deb9u3
2018-12-25 20:26:43 status unpacked exim4-config:all 4.89-2+deb9u3
2018-12-25 20:26:43 status unpacked exim4-config:all 4.89-2+deb9u3
2018-12-25 20:26:43 status unpacked exim4-config:all 4.89-2+deb9u3
2018-12-25 20:26:43 status unpacked exim4-config:all 4.89-2+deb9u3
2018-12-25 20:26:43 status unpacked exim4-config:all 4.89-2+deb9u3
2018-12-25 20:26:43 status unpacked exim4-config:all 4.89-2+deb9u3
2018-12-25 20:26:43 status unpacked exim4-config:all 4.89-2+deb9u3
2018-12-25 20:26:43 status unpacked exim4-config:all 4.89-2+deb9u3
2018-12-25 20:26:43 status unpacked exim4-config:all 4.89-2+deb9u3
2018-12-25 20:26:43 status unpacked exim4-config:all 4.89-2+deb9u3
2018-12-25 20:26:44 status unpacked exim4-config:all 4.89-2+deb9u3
2018-12-25 20:26:44 status unpacked exim4-config:all 4.89-2+deb9u3
2018-12-25 20:26:44 status unpacked exim4-config:all 4.89-2+deb9u3
2018-12-25 20:26:44 status unpacked exim4-config:all 4.89-2+deb9u3
2018-12-25 20:26:44 status unpacked exim4-config:all 4.89-2+deb9u3
2018-12-25 20:26:44 status unpacked exim4-config:all 4.89-2+deb9u3
2018-12-25 20:26:44 status unpacked exim4-config:all 4.89-2+deb9u3
2018-12-25 20:26:44 status unpacked exim4-config:all 4.89-2+deb9u3
2018-12-25 20:26:44 status unpacked exim4-config:all 4.89-2+deb9u3
2018-12-25 20:26:44 status unpacked exim4-config:all 4.89-2+deb9u3
2018-12-25 20:26:44 status unpacked exim4-config:all 4.89-2+deb9u3
2018-12-25 20:26:44 status unpacked exim4-config:all 4.89-2+deb9u3
2018-12-25 20:26:44 status unpacked exim4-config:all 4.89-2+deb9u3
2018-12-25 20:26:44 status unpacked exim4-config:all 4.89-2+deb9u3
2018-12-25 20:26:44 status unpacked exim4-config:all 4.89-2+deb9u3
2018-12-25 20:26:44 status unpacked exim4-config:all 4.89-2+deb9u3
2018-12-25 20:26:44 status unpacked exim4-config:all 4.89-2+deb9u3
2018-12-25 20:26:44 status unpacked exim4-config:all 4.89-2+deb9u3
2018-12-25 20:26:44 status unpacked exim4-config:all 4.89-2+deb9u3
2018-12-25 20:26:44 status unpacked exim4-config:all 4.89-2+deb9u3
2018-12-25 20:26:44 status unpacked exim4-config:all 4.89-2+deb9u3
2018-12-25 20:26:44 status unpacked exim4-config:all 4.89-2+deb9u3
2018-12-25 20:26:44 status unpacked exim4-config:all 4.89-2+deb9u3
2018-12-25 20:26:44 status unpacked exim4-config:all 4.89-2+deb9u3
2018-12-25 20:26:44 status unpacked exim4-config:all 4.89-2+deb9u3
2018-12-25 20:26:45 status unpacked exim4-config:all 4.89-2+deb9u3
2018-12-25 20:26:45 status unpacked exim4-config:all 4.89-2+deb9u3
2018-12-25 20:26:45 status unpacked exim4-config:all 4.89-2+deb9u3
2018-12-25 20:26:45 status unpacked exim4-config:all 4.89-2+deb9u3
2018-12-25 20:26:45 status unpacked exim4-config:all 4.89-2+deb9u3
2018-12-25 20:26:45 status unpacked exim4-config:all 4.89-2+deb9u3
2018-12-25 20:26:45 status half-configured exim4-config:all 4.89-2+deb9u3
2018-12-25 20:26:45 status installed exim4-config:all 4.89-2+deb9u3
2018-12-25 20:26:45 configure mime-support:all 3.60 <none>
2018-12-25 20:26:45 status unpacked mime-support:all 3.60
2018-12-25 20:26:45 status unpacked mime-support:all 3.60
2018-12-25 20:26:46 status unpacked mime-support:all 3.60
2018-12-25 20:26:46 status half-configured mime-support:all 3.60
2018-12-25 20:26:46 status installed mime-support:all 3.60
2018-12-25 20:26:46 configure libgpm2:amd64 1.20.4-6.2+b1 <none>
2018-12-25 20:26:46 status unpacked libgpm2:amd64 1.20.4-6.2+b1
2018-12-25 20:26:46 status half-configured libgpm2:amd64 1.20.4-6.2+b1
2018-12-25 20:26:46 status installed libgpm2:amd64 1.20.4-6.2+b1
2018-12-25 20:26:46 configure libldap-common:all 2.4.44+dfsg-5+deb9u2 <none>
2018-12-25 20:26:46 status unpacked libldap-common:all 2.4.44+dfsg-5+deb9u2
2018-12-25 20:26:46 status unpacked libldap-common:all 2.4.44+dfsg-5+deb9u2
2018-12-25 20:26:46 status half-configured libldap-common:all 2.4.44+dfsg-5+deb9u2
2018-12-25 20:26:46 status installed libldap-common:all 2.4.44+dfsg-5+deb9u2
2018-12-25 20:26:46 configure libreadline7:amd64 7.0-3 <none>
2018-12-25 20:26:46 status unpacked libreadline7:amd64 7.0-3
2018-12-25 20:26:46 status half-configured libreadline7:amd64 7.0-3
2018-12-25 20:26:46 status installed libreadline7:amd64 7.0-3
2018-12-25 20:26:46 configure mysql-common:all 5.8+1.0.2 <none>
2018-12-25 20:26:46 status unpacked mysql-common:all 5.8+1.0.2
2018-12-25 20:26:46 status unpacked mysql-common:all 5.8+1.0.2
2018-12-25 20:26:46 status unpacked mysql-common:all 5.8+1.0.2
2018-12-25 20:26:46 status unpacked mysql-common:all 5.8+1.0.2
2018-12-25 20:26:46 status half-configured mysql-common:all 5.8+1.0.2
2018-12-25 20:26:46 status installed mysql-common:all 5.8+1.0.2
2018-12-25 20:26:46 configure libsasl2-modules-db:amd64 2.1.27~101-g0780600+dfsg-3 <none>
2018-12-25 20:26:46 status unpacked libsasl2-modules-db:amd64 2.1.27~101-g0780600+dfsg-3
2018-12-25 20:26:46 status half-configured libsasl2-modules-db:amd64 2.1.27~101-g0780600+dfsg-3
2018-12-25 20:26:46 status installed libsasl2-modules-db:amd64 2.1.27~101-g0780600+dfsg-3
2018-12-25 20:26:46 configure libsasl2-2:amd64 2.1.27~101-g0780600+dfsg-3 <none>
2018-12-25 20:26:46 status unpacked libsasl2-2:amd64 2.1.27~101-g0780600+dfsg-3
2018-12-25 20:26:46 status half-configured libsasl2-2:amd64 2.1.27~101-g0780600+dfsg-3
2018-12-25 20:26:46 status installed libsasl2-2:amd64 2.1.27~101-g0780600+dfsg-3
2018-12-25 20:26:46 configure libgc1c2:amd64 1:7.4.2-8 <none>
2018-12-25 20:26:46 status unpacked libgc1c2:amd64 1:7.4.2-8
2018-12-25 20:26:46 status half-configured libgc1c2:amd64 1:7.4.2-8
2018-12-25 20:26:46 status installed libgc1c2:amd64 1:7.4.2-8
2018-12-25 20:26:46 configure libmariadbclient18:amd64 10.1.26-0+deb9u1 <none>
2018-12-25 20:26:46 status unpacked libmariadbclient18:amd64 10.1.26-0+deb9u1
2018-12-25 20:26:46 status half-configured libmariadbclient18:amd64 10.1.26-0+deb9u1
2018-12-25 20:26:46 status installed libmariadbclient18:amd64 10.1.26-0+deb9u1
2018-12-25 20:26:46 configure libtasn1-6:amd64 4.10-1.1+deb9u1 <none>
2018-12-25 20:26:46 status unpacked libtasn1-6:amd64 4.10-1.1+deb9u1
2018-12-25 20:26:46 status half-configured libtasn1-6:amd64 4.10-1.1+deb9u1
2018-12-25 20:26:46 status installed libtasn1-6:amd64 4.10-1.1+deb9u1
2018-12-25 20:26:46 configure libmagic-mgc:amd64 1:5.30-1+deb9u2 <none>
2018-12-25 20:26:46 status unpacked libmagic-mgc:amd64 1:5.30-1+deb9u2
2018-12-25 20:26:46 status half-configured libmagic-mgc:amd64 1:5.30-1+deb9u2
2018-12-25 20:26:47 status installed libmagic-mgc:amd64 1:5.30-1+deb9u2
2018-12-25 20:26:47 configure bzip2:amd64 1.0.6-8.1 <none>
2018-12-25 20:26:47 status unpacked bzip2:amd64 1.0.6-8.1
2018-12-25 20:26:47 status half-configured bzip2:amd64 1.0.6-8.1
2018-12-25 20:26:47 status installed bzip2:amd64 1.0.6-8.1
2018-12-25 20:26:47 configure libmagic1:amd64 1:5.30-1+deb9u2 <none>
2018-12-25 20:26:47 status unpacked libmagic1:amd64 1:5.30-1+deb9u2
2018-12-25 20:26:47 status unpacked libmagic1:amd64 1:5.30-1+deb9u2
2018-12-25 20:26:47 status unpacked libmagic1:amd64 1:5.30-1+deb9u2
2018-12-25 20:26:47 status half-configured libmagic1:amd64 1:5.30-1+deb9u2
2018-12-25 20:26:47 status installed libmagic1:amd64 1:5.30-1+deb9u2
2018-12-25 20:26:47 configure libntlm0:amd64 1.4-8 <none>
2018-12-25 20:26:47 status unpacked libntlm0:amd64 1.4-8
2018-12-25 20:26:47 status half-configured libntlm0:amd64 1.4-8
2018-12-25 20:26:47 status installed libntlm0:amd64 1.4-8
2018-12-25 20:26:47 configure libgmp10:amd64 2:6.1.2+dfsg-1 <none>
2018-12-25 20:26:47 status unpacked libgmp10:amd64 2:6.1.2+dfsg-1
2018-12-25 20:26:47 status half-configured libgmp10:amd64 2:6.1.2+dfsg-1
2018-12-25 20:26:47 status installed libgmp10:amd64 2:6.1.2+dfsg-1
2018-12-25 20:26:47 configure krb5-locales:all 1.15-1+deb9u1 <none>
2018-12-25 20:26:47 status unpacked krb5-locales:all 1.15-1+deb9u1
2018-12-25 20:26:47 status half-configured krb5-locales:all 1.15-1+deb9u1
2018-12-25 20:26:47 status installed krb5-locales:all 1.15-1+deb9u1
2018-12-25 20:26:47 trigproc libc-bin:amd64 2.24-11+deb9u3 <none>
2018-12-25 20:26:47 status half-configured libc-bin:amd64 2.24-11+deb9u3
2018-12-25 20:26:47 status installed libc-bin:amd64 2.24-11+deb9u3
2018-12-25 20:26:47 configure libunistring0:amd64 0.9.6+really0.9.3-0.1 <none>
2018-12-25 20:26:47 status triggers-pending libc-bin:amd64 2.24-11+deb9u3
2018-12-25 20:26:47 status unpacked libunistring0:amd64 0.9.6+really0.9.3-0.1
2018-12-25 20:26:47 status half-configured libunistring0:amd64 0.9.6+really0.9.3-0.1
2018-12-25 20:26:47 status installed libunistring0:amd64 0.9.6+really0.9.3-0.1
2018-12-25 20:26:47 configure libssl1.1:amd64 1.1.0f-3+deb9u2 <none>
2018-12-25 20:26:47 status unpacked libssl1.1:amd64 1.1.0f-3+deb9u2
2018-12-25 20:26:47 status half-configured libssl1.1:amd64 1.1.0f-3+deb9u2
2018-12-25 20:26:47 status installed libssl1.1:amd64 1.1.0f-3+deb9u2
2018-12-25 20:26:47 configure xz-utils:amd64 5.2.2-1.2+b1 <none>
2018-12-25 20:26:47 status unpacked xz-utils:amd64 5.2.2-1.2+b1
2018-12-25 20:26:47 status half-configured xz-utils:amd64 5.2.2-1.2+b1
2018-12-25 20:26:48 status installed xz-utils:amd64 5.2.2-1.2+b1
2018-12-25 20:26:48 configure libltdl7:amd64 2.4.6-2 <none>
2018-12-25 20:26:48 status unpacked libltdl7:amd64 2.4.6-2
2018-12-25 20:26:48 status half-configured libltdl7:amd64 2.4.6-2
2018-12-25 20:26:48 status installed libltdl7:amd64 2.4.6-2
2018-12-25 20:26:48 configure libsqlite3-0:amd64 3.16.2-5+deb9u1 <none>
2018-12-25 20:26:48 status unpacked libsqlite3-0:amd64 3.16.2-5+deb9u1
2018-12-25 20:26:48 status half-configured libsqlite3-0:amd64 3.16.2-5+deb9u1
2018-12-25 20:26:48 status installed libsqlite3-0:amd64 3.16.2-5+deb9u1
2018-12-25 20:26:48 configure libfribidi0:amd64 0.19.7-1+b1 <none>
2018-12-25 20:26:48 status unpacked libfribidi0:amd64 0.19.7-1+b1
2018-12-25 20:26:48 status half-configured libfribidi0:amd64 0.19.7-1+b1
2018-12-25 20:26:48 status installed libfribidi0:amd64 0.19.7-1+b1
2018-12-25 20:26:48 configure libffi6:amd64 3.2.1-6 <none>
2018-12-25 20:26:48 status unpacked libffi6:amd64 3.2.1-6
2018-12-25 20:26:48 status half-configured libffi6:amd64 3.2.1-6
2018-12-25 20:26:48 status installed libffi6:amd64 3.2.1-6
2018-12-25 20:26:48 configure libkeyutils1:amd64 1.5.9-9 <none>
2018-12-25 20:26:48 status unpacked libkeyutils1:amd64 1.5.9-9
2018-12-25 20:26:48 status half-configured libkeyutils1:amd64 1.5.9-9
2018-12-25 20:26:48 status installed libkeyutils1:amd64 1.5.9-9
2018-12-25 20:26:48 configure libsasl2-modules:amd64 2.1.27~101-g0780600+dfsg-3 <none>
2018-12-25 20:26:48 status unpacked libsasl2-modules:amd64 2.1.27~101-g0780600+dfsg-3
2018-12-25 20:26:48 status unpacked libsasl2-modules:amd64 2.1.27~101-g0780600+dfsg-3
2018-12-25 20:26:48 status half-configured libsasl2-modules:amd64 2.1.27~101-g0780600+dfsg-3
2018-12-25 20:26:48 status installed libsasl2-modules:amd64 2.1.27~101-g0780600+dfsg-3
2018-12-25 20:26:48 configure libpython2.7-minimal:amd64 2.7.13-2+deb9u3 <none>
2018-12-25 20:26:48 status unpacked libpython2.7-minimal:amd64 2.7.13-2+deb9u3
2018-12-25 20:26:48 status unpacked libpython2.7-minimal:amd64 2.7.13-2+deb9u3
2018-12-25 20:26:48 status half-configured libpython2.7-minimal:amd64 2.7.13-2+deb9u3
2018-12-25 20:26:48 status installed libpython2.7-minimal:amd64 2.7.13-2+deb9u3
2018-12-25 20:26:48 configure cron:amd64 3.0pl1-128+deb9u1 <none>
2018-12-25 20:26:48 status unpacked cron:amd64 3.0pl1-128+deb9u1
2018-12-25 20:26:48 status unpacked cron:amd64 3.0pl1-128+deb9u1
2018-12-25 20:26:48 status unpacked cron:amd64 3.0pl1-128+deb9u1
2018-12-25 20:26:48 status unpacked cron:amd64 3.0pl1-128+deb9u1
2018-12-25 20:26:48 status unpacked cron:amd64 3.0pl1-128+deb9u1
2018-12-25 20:26:48 status unpacked cron:amd64 3.0pl1-128+deb9u1
2018-12-25 20:26:48 status unpacked cron:amd64 3.0pl1-128+deb9u1
2018-12-25 20:26:48 status unpacked cron:amd64 3.0pl1-128+deb9u1
2018-12-25 20:26:49 status unpacked cron:amd64 3.0pl1-128+deb9u1
2018-12-25 20:26:49 status unpacked cron:amd64 3.0pl1-128+deb9u1
2018-12-25 20:26:49 status half-configured cron:amd64 3.0pl1-128+deb9u1
2018-12-25 20:26:49 status installed cron:amd64 3.0pl1-128+deb9u1
2018-12-25 20:26:49 configure logrotate:amd64 3.11.0-0.1 <none>
2018-12-25 20:26:49 status unpacked logrotate:amd64 3.11.0-0.1
2018-12-25 20:26:49 status unpacked logrotate:amd64 3.11.0-0.1
2018-12-25 20:26:49 status unpacked logrotate:amd64 3.11.0-0.1
2018-12-25 20:26:49 status half-configured logrotate:amd64 3.11.0-0.1
2018-12-25 20:26:49 status installed logrotate:amd64 3.11.0-0.1
2018-12-25 20:26:49 configure libpython2.7-stdlib:amd64 2.7.13-2+deb9u3 <none>
2018-12-25 20:26:49 status unpacked libpython2.7-stdlib:amd64 2.7.13-2+deb9u3
2018-12-25 20:26:49 status half-configured libpython2.7-stdlib:amd64 2.7.13-2+deb9u3
2018-12-25 20:26:49 status installed libpython2.7-stdlib:amd64 2.7.13-2+deb9u3
2018-12-25 20:26:49 configure libidn11:amd64 1.33-1 <none>
2018-12-25 20:26:49 status unpacked libidn11:amd64 1.33-1
2018-12-25 20:26:49 status half-configured libidn11:amd64 1.33-1
2018-12-25 20:26:49 status installed libidn11:amd64 1.33-1
2018-12-25 20:26:49 configure liblzo2-2:amd64 2.08-1.2+b2 <none>
2018-12-25 20:26:49 status unpacked liblzo2-2:amd64 2.08-1.2+b2
2018-12-25 20:26:49 status half-configured liblzo2-2:amd64 2.08-1.2+b2
2018-12-25 20:26:49 status installed liblzo2-2:amd64 2.08-1.2+b2
2018-12-25 20:26:49 configure libwrap0:amd64 7.6.q-26 <none>
2018-12-25 20:26:49 status unpacked libwrap0:amd64 7.6.q-26
2018-12-25 20:26:49 status half-configured libwrap0:amd64 7.6.q-26
2018-12-25 20:26:49 status installed libwrap0:amd64 7.6.q-26
2018-12-25 20:26:49 configure mailutils-common:all 1:3.1.1-1 <none>
2018-12-25 20:26:49 status unpacked mailutils-common:all 1:3.1.1-1
2018-12-25 20:26:50 status half-configured mailutils-common:all 1:3.1.1-1
2018-12-25 20:26:50 status installed mailutils-common:all 1:3.1.1-1
2018-12-25 20:26:50 configure netbase:all 5.4 <none>
2018-12-25 20:26:50 status unpacked netbase:all 5.4
2018-12-25 20:26:50 status unpacked netbase:all 5.4
2018-12-25 20:26:50 status unpacked netbase:all 5.4
2018-12-25 20:26:50 status unpacked netbase:all 5.4
2018-12-25 20:26:50 status half-configured netbase:all 5.4
2018-12-25 20:26:50 status installed netbase:all 5.4
2018-12-25 20:26:50 configure exim4-base:amd64 4.89-2+deb9u3 <none>
2018-12-25 20:26:50 status unpacked exim4-base:amd64 4.89-2+deb9u3
2018-12-25 20:26:50 status unpacked exim4-base:amd64 4.89-2+deb9u3
2018-12-25 20:26:50 status unpacked exim4-base:amd64 4.89-2+deb9u3
2018-12-25 20:26:50 status unpacked exim4-base:amd64 4.89-2+deb9u3
2018-12-25 20:26:50 status unpacked exim4-base:amd64 4.89-2+deb9u3
2018-12-25 20:26:50 status half-configured exim4-base:amd64 4.89-2+deb9u3
2018-12-25 20:26:50 status installed exim4-base:amd64 4.89-2+deb9u3
2018-12-25 20:26:50 configure file:amd64 1:5.30-1+deb9u2 <none>
2018-12-25 20:26:50 status unpacked file:amd64 1:5.30-1+deb9u2
2018-12-25 20:26:50 status half-configured file:amd64 1:5.30-1+deb9u2
2018-12-25 20:26:50 status installed file:amd64 1:5.30-1+deb9u2
2018-12-25 20:26:50 configure tcpd:amd64 7.6.q-26 <none>
2018-12-25 20:26:50 status unpacked tcpd:amd64 7.6.q-26
2018-12-25 20:26:50 status half-configured tcpd:amd64 7.6.q-26
2018-12-25 20:26:50 status installed tcpd:amd64 7.6.q-26
2018-12-25 20:26:50 configure libkrb5support0:amd64 1.15-1+deb9u1 <none>
2018-12-25 20:26:50 status unpacked libkrb5support0:amd64 1.15-1+deb9u1
2018-12-25 20:26:50 status half-configured libkrb5support0:amd64 1.15-1+deb9u1
2018-12-25 20:26:50 status installed libkrb5support0:amd64 1.15-1+deb9u1
2018-12-25 20:26:50 configure libhogweed4:amd64 3.3-1+b2 <none>
2018-12-25 20:26:50 status unpacked libhogweed4:amd64 3.3-1+b2
2018-12-25 20:26:51 status half-configured libhogweed4:amd64 3.3-1+b2
2018-12-25 20:26:51 status installed libhogweed4:amd64 3.3-1+b2
2018-12-25 20:26:51 configure guile-2.0-libs:amd64 2.0.13+1-4 <none>
2018-12-25 20:26:51 status unpacked guile-2.0-libs:amd64 2.0.13+1-4
2018-12-25 20:26:51 status half-configured guile-2.0-libs:amd64 2.0.13+1-4
2018-12-25 20:26:51 status installed guile-2.0-libs:amd64 2.0.13+1-4
2018-12-25 20:26:51 configure libp11-kit0:amd64 0.23.3-2 <none>
2018-12-25 20:26:51 status unpacked libp11-kit0:amd64 0.23.3-2
2018-12-25 20:26:51 status half-configured libp11-kit0:amd64 0.23.3-2
2018-12-25 20:26:51 status installed libp11-kit0:amd64 0.23.3-2
2018-12-25 20:26:51 configure libpython2.7:amd64 2.7.13-2+deb9u3 <none>
2018-12-25 20:26:51 status unpacked libpython2.7:amd64 2.7.13-2+deb9u3
2018-12-25 20:26:51 status half-configured libpython2.7:amd64 2.7.13-2+deb9u3
2018-12-25 20:26:51 status installed libpython2.7:amd64 2.7.13-2+deb9u3
2018-12-25 20:26:51 configure libkyotocabinet16v5:amd64 1.2.76-4.2+b1 <none>
2018-12-25 20:26:51 status unpacked libkyotocabinet16v5:amd64 1.2.76-4.2+b1
2018-12-25 20:26:51 status half-configured libkyotocabinet16v5:amd64 1.2.76-4.2+b1
2018-12-25 20:26:51 status installed libkyotocabinet16v5:amd64 1.2.76-4.2+b1
2018-12-25 20:26:51 configure libk5crypto3:amd64 1.15-1+deb9u1 <none>
2018-12-25 20:26:51 status unpacked libk5crypto3:amd64 1.15-1+deb9u1
2018-12-25 20:26:51 status half-configured libk5crypto3:amd64 1.15-1+deb9u1
2018-12-25 20:26:51 status installed libk5crypto3:amd64 1.15-1+deb9u1
2018-12-25 20:26:51 configure libgnutls30:amd64 3.5.8-5+deb9u4 <none>
2018-12-25 20:26:51 status unpacked libgnutls30:amd64 3.5.8-5+deb9u4
2018-12-25 20:26:51 status half-configured libgnutls30:amd64 3.5.8-5+deb9u4
2018-12-25 20:26:51 status installed libgnutls30:amd64 3.5.8-5+deb9u4
2018-12-25 20:26:51 configure libldap-2.4-2:amd64 2.4.44+dfsg-5+deb9u2 <none>
2018-12-25 20:26:51 status unpacked libldap-2.4-2:amd64 2.4.44+dfsg-5+deb9u2
2018-12-25 20:26:51 status half-configured libldap-2.4-2:amd64 2.4.44+dfsg-5+deb9u2
2018-12-25 20:26:51 status installed libldap-2.4-2:amd64 2.4.44+dfsg-5+deb9u2
2018-12-25 20:26:51 configure libkrb5-3:amd64 1.15-1+deb9u1 <none>
2018-12-25 20:26:51 status unpacked libkrb5-3:amd64 1.15-1+deb9u1
2018-12-25 20:26:51 status half-configured libkrb5-3:amd64 1.15-1+deb9u1
2018-12-25 20:26:51 status installed libkrb5-3:amd64 1.15-1+deb9u1
2018-12-25 20:26:51 configure exim4-daemon-light:amd64 4.89-2+deb9u3 <none>
2018-12-25 20:26:51 status unpacked exim4-daemon-light:amd64 4.89-2+deb9u3
2018-12-25 20:26:51 status half-configured exim4-daemon-light:amd64 4.89-2+deb9u3
2018-12-25 20:26:52 status installed exim4-daemon-light:amd64 4.89-2+deb9u3
2018-12-25 20:26:52 configure libgssapi-krb5-2:amd64 1.15-1+deb9u1 <none>
2018-12-25 20:26:52 status unpacked libgssapi-krb5-2:amd64 1.15-1+deb9u1
2018-12-25 20:26:52 status unpacked libgssapi-krb5-2:amd64 1.15-1+deb9u1
2018-12-25 20:26:52 status half-configured libgssapi-krb5-2:amd64 1.15-1+deb9u1
2018-12-25 20:26:52 status installed libgssapi-krb5-2:amd64 1.15-1+deb9u1
2018-12-25 20:26:52 configure exim4:all 4.89-2+deb9u3 <none>
2018-12-25 20:26:52 status unpacked exim4:all 4.89-2+deb9u3
2018-12-25 20:26:52 status half-configured exim4:all 4.89-2+deb9u3
2018-12-25 20:26:52 status installed exim4:all 4.89-2+deb9u3
2018-12-25 20:26:52 configure libgsasl7:amd64 1.8.0-8+b2 <none>
2018-12-25 20:26:52 status unpacked libgsasl7:amd64 1.8.0-8+b2
2018-12-25 20:26:52 status half-configured libgsasl7:amd64 1.8.0-8+b2
2018-12-25 20:26:52 status installed libgsasl7:amd64 1.8.0-8+b2
2018-12-25 20:26:52 configure libmailutils5:amd64 1:3.1.1-1 <none>
2018-12-25 20:26:52 status unpacked libmailutils5:amd64 1:3.1.1-1
2018-12-25 20:26:52 status half-configured libmailutils5:amd64 1:3.1.1-1
2018-12-25 20:26:52 status installed libmailutils5:amd64 1:3.1.1-1
2018-12-25 20:26:52 configure mailutils:amd64 1:3.1.1-1 <none>
2018-12-25 20:26:52 status unpacked mailutils:amd64 1:3.1.1-1
2018-12-25 20:26:52 status half-configured mailutils:amd64 1:3.1.1-1
2018-12-25 20:26:52 status installed mailutils:amd64 1:3.1.1-1
2018-12-25 20:26:52 trigproc libc-bin:amd64 2.24-11+deb9u3 <none>
2018-12-25 20:26:52 status half-configured libc-bin:amd64 2.24-11+deb9u3
2018-12-25 20:26:52 status installed libc-bin:amd64 2.24-11+deb9u3
